Log file open, 12/18/24 15:02:46
LogWindows: Failed to load 'aqProf.dll' (GetLastError=126)
LogWindows: File 'aqProf.dll' does not exist
LogWindows: Failed to load 'VtuneApi.dll' (GetLastError=126)
LogWindows: File 'VtuneApi.dll' does not exist
LogWindows: Failed to load 'VtuneApi32e.dll' (GetLastError=126)
LogWindows: File 'VtuneApi32e.dll' does not exist
LogConsoleResponse: Display: Failed to find resolution value strings in scalability ini. Falling back to default.
LogConsoleResponse: Display: Failed to find resolution value strings in scalability ini. Falling back to default.
LogPakFile: Display: Found Pak file ../../../AirJet/Content/Paks/AirJet-WindowsNoEditor.pak attempting to mount.
LogPakFile: Display: Mounting pak file ../../../AirJet/Content/Paks/AirJet-WindowsNoEditor.pak.
LogPakFile: PakFile PrimaryIndexSize=56394
LogPakFile: PakFile PathHashIndexSize=59346
LogPakFile: PakFile FullDirectoryIndexSize=92651
LogShaderLibrary: Display: ShaderCodeLibraryPakFileMountedCallback: PakFile '../../../AirJet/Content/Paks/AirJet-WindowsNoEditor.pak' (chunk index -1, root '../../../') mounted
LogShaderLibrary: Display: ShaderCodeLibraryPakFileMountedCallback: pending pak file info (ChunkID:-1 Root:../../../ File:../../../AirJet/Content/Paks/AirJet-WindowsNoEditor.pak)
LogPakFile: OnPakFileMounted2Time == 0.000034
LogPlatformFile: Not using cached read wrapper
LogTaskGraph: Started task graph with 5 named threads and 47 total threads with 3 sets of task threads.
LogStats: Stats thread started at 0.054870
LogICUInternationalization: ICU TimeZone Detection - Raw Offset: +9:00, Platform Override: ''
LogInit: Display: Loading text-based GConfig....
LogPluginManager: Mounting plugin EditorScriptingUtilities
LogPluginManager: Mounting plugin WebSocketNetworking
LogPluginManager: Mounting plugin SteamSockets
LogPluginManager: Mounting plugin OnlineSubsystem
LogPluginManager: Mounting plugin OnlineSubsystemSteam
LogPluginManager: Mounting plugin OnlineSubsystemUtils
LogPluginManager: Mounting plugin SteamShared
LogPluginManager: Mounting plugin TcpSocketPlugin
LogPluginManager: Mounting plugin Socketer
LogPluginManager: Mounting plugin TCPWrapper
LogPluginManager: Mounting plugin Paper2D
LogPluginManager: Mounting plugin AISupport
LogPluginManager: Mounting plugin EnvironmentQueryEditor
LogPluginManager: Mounting plugin LightPropagationVolume
LogPluginManager: Mounting plugin CameraShakePreviewer
LogPluginManager: Mounting plugin GameplayCameras
LogPluginManager: Mounting plugin TemplateSequence
LogPluginManager: Mounting plugin LevelSequenceEditor
LogPluginManager: Mounting plugin OodleData
LogPluginManager: Mounting plugin OodleNetwork
LogPluginManager: Mounting plugin AnimationSharing
LogPluginManager: Mounting plugin SignificanceManager
LogPluginManager: Mounting plugin PixWinPlugin
LogPluginManager: Mounting plugin PluginUtils
LogPluginManager: Mounting plugin PropertyAccessEditor
LogPluginManager: Mounting plugin UObjectPlugin
LogPluginManager: Mounting plugin AssetManagerEditor
LogPluginManager: Mounting plugin FacialAnimation
LogPluginManager: Mounting plugin GeometryMode
LogPluginManager: Mounting plugin SpeedTreeImporter
LogPluginManager: Mounting plugin DatasmithContent
LogPluginManager: Mounting plugin VariantManagerContent
LogPluginManager: Mounting plugin AlembicImporter
LogPluginManager: Mounting plugin GeometryCache
LogPluginManager: Mounting plugin AutomationUtils
LogPluginManager: Mounting plugin ScreenshotTools
LogPluginManager: Mounting plugin BackChannel
LogPluginManager: Mounting plugin ChaosClothEditor
LogPluginManager: Mounting plugin ChaosCloth
LogPluginManager: Mounting plugin ChaosEditor
LogPluginManager: Mounting plugin PlanarCut
LogPluginManager: Mounting plugin GeometryProcessing
LogPluginManager: Mounting plugin EditableMesh
LogPluginManager: Mounting plugin GeometryCollectionPlugin
LogPluginManager: Mounting plugin ProceduralMeshComponent
LogPluginManager: Mounting plugin ChaosSolverPlugin
LogPluginManager: Mounting plugin ChaosNiagara
LogPluginManager: Mounting plugin Niagara
LogPluginManager: Mounting plugin PythonScriptPlugin
LogPluginManager: Mounting plugin CharacterAI
LogPluginManager: Mounting plugin MotoSynth
LogPluginManager: Mounting plugin OpenImageDenoise
LogPluginManager: Mounting plugin PlatformCrypto
LogPluginManager: Mounting plugin MagicLeapPassableWorld
LogPluginManager: Mounting plugin MagicLeap
LogPluginManager: Mounting plugin MLSDK
LogPluginManager: Mounting plugin MagicLeapLightEstimation
LogPluginManager: Mounting plugin AvfMedia
LogPluginManager: Mounting plugin ImgMedia
LogPluginManager: Mounting plugin MediaCompositing
LogPluginManager: Mounting plugin WmfMedia
LogPluginManager: Mounting plugin MeshPainting
LogPluginManager: Mounting plugin TcpMessaging
LogPluginManager: Mounting plugin UdpMessaging
LogPluginManager: Mounting plugin ActorSequence
LogPluginManager: Mounting plugin MatineeToLevelSequence
LogPluginManager: Mounting plugin OnlineSubsystemNull
LogPluginManager: Mounting plugin LauncherChunkInstaller
LogPluginManager: Mounting plugin ActorLayerUtilities
LogPluginManager: Mounting plugin AndroidPermission
LogPluginManager: Mounting plugin AppleImageUtils
LogPluginManager: Mounting plugin ArchVisCharacter
LogPluginManager: Mounting plugin AssetTags
LogPluginManager: Mounting plugin AudioCapture
LogPluginManager: Mounting plugin CableComponent
LogPluginManager: Mounting plugin ChunkDownloader
LogPluginManager: Mounting plugin CustomMeshComponent
LogPluginManager: Mounting plugin ExampleDeviceProfileSelector
LogPluginManager: Mounting plugin GooglePAD
LogPluginManager: Mounting plugin LocationServicesBPLibrary
LogPluginManager: Mounting plugin MobilePatchingUtils
LogPluginManager: Mounting plugin OculusVR
LogPluginManager: Mounting plugin OpenXREyeTracker
LogPluginManager: Mounting plugin OpenXR
LogPluginManager: Mounting plugin OpenXRHandTracking
LogPluginManager: Mounting plugin LiveLink
LogPluginManager: Mounting plugin Takes
LogPluginManager: Mounting plugin PhysXVehicles
LogPluginManager: Mounting plugin RuntimePhysXCooking
LogPluginManager: Mounting plugin SoundFields
LogPluginManager: Mounting plugin SteamVR
LogPluginManager: Mounting plugin Synthesis
LogPluginManager: Mounting plugin AudioSynesthesia
LogPluginManager: Mounting plugin WebMMoviePlayer
LogPluginManager: Mounting plugin WebMMedia
LogPluginManager: Mounting plugin WindowsMoviePlayer
LogInit: Using libcurl 7.55.1-DEV
LogInit:  - built for x86_64-pc-win32
LogInit:  - supports SSL with OpenSSL/1.1.1
LogInit:  - supports HTTP deflate (compression) using libz 1.2.8
LogInit:  - other features:
LogInit:      CURL_VERSION_SSL
LogInit:      CURL_VERSION_LIBZ
LogInit:      CURL_VERSION_IPV6
LogInit:      CURL_VERSION_ASYNCHDNS
LogInit:      CURL_VERSION_LARGEFILE
LogInit:      CURL_VERSION_IDN
LogInit:  CurlRequestOptions (configurable via config and command line):
LogInit:  - bVerifyPeer = true  - Libcurl will verify peer certificate
LogInit:  - bUseHttpProxy = false  - Libcurl will NOT use HTTP proxy
LogInit:  - bDontReuseConnections = false  - Libcurl will reuse connections
LogInit:  - MaxHostConnections = 16  - Libcurl will limit the number of connections to a host
LogInit:  - LocalHostAddr = Default
LogInit:  - BufferSize = 65536
LogOnline: OSS: Creating online subsystem instance for: NULL
LogInit: WinSock: version 1.1 (2.2), MaxSocks=32767, MaxUdp=65467
LogOnline: OSS: TryLoadSubsystemAndSetDefault: Loaded subsystem for module [NULL]
PixWinPlugin: PIX capture plugin failed to initialize! Check that the process is launched from PIX.
LogLuminAPIImpl: Warning: MLSDK not found.  This likely means the MLSDK environment variable is not set.
LogOculusPluginWrapper: OculusPlugin initialized successfully
LogHMD: Failed initializing OVRPlugin 1.59.0
LogInit: Build: ++UE4+Release-4.27-CL-18319896
LogInit: Engine Version: 4.27.2-18319896+++UE4+Release-4.27
LogInit: Compatible Engine Version: 4.27.0-17155196+++UE4+Release-4.27
LogInit: Net CL: 17155196
LogInit: OS: Windows 10 (Release 2009) (), CPU: AMD Ryzen 7 7700X 8-Core Processor             , GPU: NVIDIA GeForce GTX 1650
LogInit: Compiled (64-bit): Nov 30 2021 07:26:28
LogInit: Compiled with Visual C++: 19.16.27032.01
LogInit: Build Configuration: Development
LogInit: Branch Name: ++UE4+Release-4.27
LogInit: Command Line: 
LogInit: Base Directory: E:/VisualIntell/SAM_System/AirJet/Binaries/Win64/
LogInit: Allocator: binned2
LogInit: Installed Engine Build: 0
LogDevObjectVersion: Number of dev versions registered: 29
LogDevObjectVersion:   Dev-Blueprints (B0D832E4-1F89-4F0D-ACCF-7EB736FD4AA2): 10
LogDevObjectVersion:   Dev-Build (E1C64328-A22C-4D53-A36C-8E866417BD8C): 0
LogDevObjectVersion:   Dev-Core (375EC13C-06E4-48FB-B500-84F0262A717E): 4
LogDevObjectVersion:   Dev-Editor (E4B068ED-F494-42E9-A231-DA0B2E46BB41): 40
LogDevObjectVersion:   Dev-Framework (CFFC743F-43B0-4480-9391-14DF171D2073): 37
LogDevObjectVersion:   Dev-Mobile (B02B49B5-BB20-44E9-A304-32B752E40360): 3
LogDevObjectVersion:   Dev-Networking (A4E4105C-59A1-49B5-A7C5-40C4547EDFEE): 0
LogDevObjectVersion:   Dev-Online (39C831C9-5AE6-47DC-9A44-9C173E1C8E7C): 0
LogDevObjectVersion:   Dev-Physics (78F01B33-EBEA-4F98-B9B4-84EACCB95AA2): 14
LogDevObjectVersion:   Dev-Platform (6631380F-2D4D-43E0-8009-CF276956A95A): 0
LogDevObjectVersion:   Dev-Rendering (12F88B9F-8875-4AFC-A67C-D90C383ABD29): 45
LogDevObjectVersion:   Dev-Sequencer (7B5AE74C-D270-4C10-A958-57980B212A5A): 13
LogDevObjectVersion:   Dev-VR (D7296918-1DD6-4BDD-9DE2-64A83CC13884): 3
LogDevObjectVersion:   Dev-LoadTimes (C2A15278-BFE7-4AFE-6C17-90FF531DF755): 1
LogDevObjectVersion:   Private-Geometry (6EACA3D4-40EC-4CC1-B786-8BED09428FC5): 3
LogDevObjectVersion:   Dev-AnimPhys (29E575DD-E0A3-4627-9D10-D276232CDCEA): 17
LogDevObjectVersion:   Dev-Anim (AF43A65D-7FD3-4947-9873-3E8ED9C1BB05): 15
LogDevObjectVersion:   Dev-ReflectionCapture (6B266CEC-1EC7-4B8F-A30B-E4D90942FC07): 1
LogDevObjectVersion:   Dev-Automation (0DF73D61-A23F-47EA-B727-89E90C41499A): 1
LogDevObjectVersion:   FortniteMain (601D1886-AC64-4F84-AA16-D3DE0DEAC7D6): 47
LogDevObjectVersion:   FortniteRelease (E7086368-6B23-4C58-8439-1B7016265E91): 1
LogDevObjectVersion:   Dev-Enterprise (9DFFBCD6-494F-0158-E221-12823C92A888): 10
LogDevObjectVersion:   Dev-Niagara (F2AED0AC-9AFE-416F-8664-AA7FFA26D6FC): 1
LogDevObjectVersion:   Dev-Destruction (174F1F0B-B4C6-45A5-B13F-2EE8D0FB917D): 10
LogDevObjectVersion:   Dev-Physics-Ext (35F94A83-E258-406C-A318-09F59610247C): 41
LogDevObjectVersion:   Dev-PhysicsMaterial-Chaos (B68FC16E-8B1B-42E2-B453-215C058844FE): 1
LogDevObjectVersion:   Dev-CineCamera (B2E18506-4273-CFC2-A54E-F4BB758BBA07): 1
LogDevObjectVersion:   Dev-VirtualProduction (64F58936-FD1B-42BA-BA96-7289D5D0FA4E): 1
LogDevObjectVersion:   Dev-MediaFramework (6F0ED827-A609-4895-9C91-998D90180EA4): 2
LogInit: Presizing for max 2097152 objects, including 1 objects not considered by GC, pre-allocating 0 bytes for permanent pool.
LogConfig: Applying CVar settings from Section [/Script/Engine.StreamingSettings] File [../../../AirJet/Saved/Config/WindowsNoEditor/Engine.ini]
LogConfig: Setting CVar [[s.MinBulkDataSizeForAsyncLoading:131072]]
LogConfig: Setting CVar [[s.AsyncLoadingThreadEnabled:0]]
LogConfig: Setting CVar [[s.EventDrivenLoaderEnabled:1]]
LogConfig: Setting CVar [[s.WarnIfTimeLimitExceeded:0]]
LogConfig: Setting CVar [[s.TimeLimitExceededMultiplier:1.5]]
LogConfig: Setting CVar [[s.TimeLimitExceededMinTime:0.005]]
LogConfig: Setting CVar [[s.UseBackgroundLevelStreaming:1]]
LogConfig: Setting CVar [[s.PriorityAsyncLoadingExtraTime:15.0]]
LogConfig: Setting CVar [[s.LevelStreamingActorsUpdateTimeLimit:5.0]]
LogConfig: Setting CVar [[s.PriorityLevelStreamingActorsUpdateExtraTime:5.0]]
LogConfig: Setting CVar [[s.LevelStreamingComponentsRegistrationGranularity:10]]
LogConfig: Setting CVar [[s.UnregisterComponentsTimeLimit:1.0]]
LogConfig: Setting CVar [[s.LevelStreamingComponentsUnregistrationGranularity:5]]
LogConfig: Setting CVar [[s.FlushStreamingOnExit:1]]
LogStreaming: Display: Async Loading initialized: Event Driven Loader: true, Async Loading Thread: false, Async Post Load: true
LogInit: Object subsystem initialized
LogConfig: Setting CVar [[con.DebugEarlyDefault:1]]
LogConfig: Setting CVar [[r.setres:1280x720]]
LogConfig: Setting CVar [[fx.NiagaraAllowRuntimeScalabilityChanges:1]]
[2024.12.18-06.02.46:543][  0]LogConfig: Setting CVar [[con.DebugEarlyDefault:1]]
[2024.12.18-06.02.46:543][  0]LogConfig: Setting CVar [[r.setres:1280x720]]
[2024.12.18-06.02.46:543][  0]LogConfig: Setting CVar [[fx.NiagaraAllowRuntimeScalabilityChanges:1]]
[2024.12.18-06.02.46:543][  0]LogConfig: Applying CVar settings from Section [/Script/Engine.RendererSettings] File [../../../AirJet/Saved/Config/WindowsNoEditor/Engine.ini]
[2024.12.18-06.02.46:543][  0]LogConfig: Setting CVar [[r.GPUCrashDebugging:0]]
[2024.12.18-06.02.46:543][  0]LogConfig: Setting CVar [[r.Mobile.DisableVertexFog:1]]
[2024.12.18-06.02.46:543][  0]LogConfig: Setting CVar [[r.Shadow.CSM.MaxMobileCascades:2]]
[2024.12.18-06.02.46:543][  0]LogConfig: Setting CVar [[r.MobileMSAA:1]]
[2024.12.18-06.02.46:543][  0]LogConfig: Setting CVar [[r.Mobile.AllowDitheredLODTransition:0]]
[2024.12.18-06.02.46:543][  0]LogConfig: Setting CVar [[r.Mobile.AllowSoftwareOcclusion:0]]
[2024.12.18-06.02.46:543][  0]LogConfig: Setting CVar [[r.Mobile.VirtualTextures:0]]
[2024.12.18-06.02.46:543][  0]LogConfig: Setting CVar [[r.DiscardUnusedQuality:0]]
[2024.12.18-06.02.46:543][  0]LogConfig: Setting CVar [[r.AllowOcclusionQueries:1]]
[2024.12.18-06.02.46:543][  0]LogConfig: Setting CVar [[r.MinScreenRadiusForLights:0.030000]]
[2024.12.18-06.02.46:543][  0]LogConfig: Setting CVar [[r.MinScreenRadiusForDepthPrepass:0.030000]]
[2024.12.18-06.02.46:543][  0]LogConfig: Setting CVar [[r.MinScreenRadiusForCSMDepth:0.010000]]
[2024.12.18-06.02.46:543][  0]LogConfig: Setting CVar [[r.PrecomputedVisibilityWarning:0]]
[2024.12.18-06.02.46:543][  0]LogConfig: Setting CVar [[r.TextureStreaming:1]]
[2024.12.18-06.02.46:543][  0]LogConfig: Setting CVar [[Compat.UseDXT5NormalMaps:0]]
[2024.12.18-06.02.46:543][  0]LogConfig: Setting CVar [[r.VirtualTextures:0]]
[2024.12.18-06.02.46:543][  0]LogConfig: Setting CVar [[r.VT.EnableAutoImport:1]]
[2024.12.18-06.02.46:543][  0]LogConfig: Setting CVar [[r.VirtualTexturedLightmaps:0]]
[2024.12.18-06.02.46:543][  0]LogConfig: Setting CVar [[r.VT.TileSize:128]]
[2024.12.18-06.02.46:543][  0]LogConfig: Setting CVar [[r.VT.TileBorderSize:4]]
[2024.12.18-06.02.46:543][  0]LogConfig: Setting CVar [[r.vt.FeedbackFactor:16]]
[2024.12.18-06.02.46:543][  0]LogConfig: Setting CVar [[r.VT.EnableCompressZlib:1]]
[2024.12.18-06.02.46:543][  0]LogConfig: Setting CVar [[r.VT.EnableCompressCrunch:0]]
[2024.12.18-06.02.46:543][  0]LogConfig: Setting CVar [[r.ClearCoatNormal:0]]
[2024.12.18-06.02.46:543][  0]LogConfig: Setting CVar [[r.ReflectionCaptureResolution:128]]
[2024.12.18-06.02.46:543][  0]LogConfig: Setting CVar [[r.Mobile.ReflectionCaptureCompression:0]]
[2024.12.18-06.02.46:543][  0]LogConfig: Setting CVar [[r.ReflectionEnvironmentLightmapMixBasedOnRoughness:1]]
[2024.12.18-06.02.46:543][  0]LogConfig: Setting CVar [[r.ForwardShading:0]]
[2024.12.18-06.02.46:543][  0]LogConfig: Setting CVar [[r.VertexFoggingForOpaque:1]]
[2024.12.18-06.02.46:543][  0]LogConfig: Setting CVar [[r.AllowStaticLighting:1]]
[2024.12.18-06.02.46:543][  0]LogConfig: Setting CVar [[r.NormalMapsForStaticLighting:0]]
[2024.12.18-06.02.46:543][  0]LogConfig: Setting CVar [[r.GenerateMeshDistanceFields:0]]
[2024.12.18-06.02.46:543][  0]LogConfig: Setting CVar [[r.DistanceFieldBuild.EightBit:0]]
[2024.12.18-06.02.46:543][  0]LogConfig: Setting CVar [[r.GenerateLandscapeGIData:0]]
[2024.12.18-06.02.46:543][  0]LogConfig: Setting CVar [[r.DistanceFieldBuild.Compress:0]]
[2024.12.18-06.02.46:543][  0]LogConfig: Setting CVar [[r.TessellationAdaptivePixelsPerTriangle:48.000000]]
[2024.12.18-06.02.46:543][  0]LogConfig: Setting CVar [[r.SeparateTranslucency:1]]
[2024.12.18-06.02.46:543][  0]LogConfig: Setting CVar [[r.TranslucentSortPolicy:0]]
[2024.12.18-06.02.46:543][  0]LogConfig: Setting CVar [[vr.VRS.HMDFixedFoveationLevel:0]]
[2024.12.18-06.02.46:543][  0]LogConfig: Setting CVar [[r.CustomDepth:1]]
[2024.12.18-06.02.46:543][  0]LogConfig: Setting CVar [[r.CustomDepthTemporalAAJitter:1]]
[2024.12.18-06.02.46:543][  0]LogConfig: Setting CVar [[r.PostProcessing.PropagateAlpha:0]]
[2024.12.18-06.02.46:543][  0]LogConfig: Setting CVar [[r.DefaultFeature.Bloom:1]]
[2024.12.18-06.02.46:543][  0]LogConfig: Setting CVar [[r.DefaultFeature.AmbientOcclusion:1]]
[2024.12.18-06.02.46:543][  0]LogConfig: Setting CVar [[r.DefaultFeature.AmbientOcclusionStaticFraction:1]]
[2024.12.18-06.02.46:543][  0]LogConfig: Setting CVar [[r.DefaultFeature.AutoExposure:0]]
[2024.12.18-06.02.46:543][  0]LogConfig: Setting CVar [[r.DefaultFeature.AutoExposure.Method:0]]
[2024.12.18-06.02.46:543][  0]LogConfig: Setting CVar [[r.DefaultFeature.AutoExposure.Bias:1.000000]]
[2024.12.18-06.02.46:543][  0]LogConfig: Setting CVar [[r.DefaultFeature.AutoExposure.ExtendDefaultLuminanceRange:0]]
[2024.12.18-06.02.46:543][  0]LogConfig: Setting CVar [[r.UsePreExposure:1]]
[2024.12.18-06.02.46:543][  0]LogConfig: Setting CVar [[r.EyeAdaptation.EditorOnly:0]]
[2024.12.18-06.02.46:543][  0]LogConfig: Setting CVar [[r.DefaultFeature.MotionBlur:0]]
[2024.12.18-06.02.46:543][  0]LogConfig: Setting CVar [[r.DefaultFeature.LensFlare:0]]
[2024.12.18-06.02.46:543][  0]LogConfig: Setting CVar [[r.TemporalAA.Upsampling:0]]
[2024.12.18-06.02.46:543][  0]LogConfig: Setting CVar [[r.SSGI.Enable:0]]
[2024.12.18-06.02.46:543][  0]LogConfig: Setting CVar [[r.DefaultFeature.AntiAliasing:0]]
[2024.12.18-06.02.46:543][  0]LogConfig: Setting CVar [[r.DefaultFeature.LightUnits:1]]
[2024.12.18-06.02.46:543][  0]LogConfig: Setting CVar [[r.DefaultBackBufferPixelFormat:4]]
[2024.12.18-06.02.46:543][  0]LogConfig: Setting CVar [[r.Shadow.UnbuiltPreviewInGame:1]]
[2024.12.18-06.02.46:543][  0]LogConfig: Setting CVar [[r.StencilForLODDither:0]]
[2024.12.18-06.02.46:543][  0]LogConfig: Setting CVar [[r.EarlyZPass:3]]
[2024.12.18-06.02.46:543][  0]LogConfig: Setting CVar [[r.EarlyZPassOnlyMaterialMasking:0]]
[2024.12.18-06.02.46:543][  0]LogConfig: Setting CVar [[r.DBuffer:1]]
[2024.12.18-06.02.46:543][  0]LogConfig: Setting CVar [[r.ClearSceneMethod:1]]
[2024.12.18-06.02.46:543][  0]LogConfig: Setting CVar [[r.BasePassOutputsVelocity:0]]
[2024.12.18-06.02.46:543][  0]LogConfig: Setting CVar [[r.VertexDeformationOutputsVelocity:0]]
[2024.12.18-06.02.46:543][  0]LogConfig: Setting CVar [[r.SelectiveBasePassOutputs:0]]
[2024.12.18-06.02.46:543][  0]LogConfig: Setting CVar [[fx.GPUSimulationTextureSizeX:1024]]
[2024.12.18-06.02.46:543][  0]LogConfig: Setting CVar [[fx.GPUSimulationTextureSizeY:1024]]
[2024.12.18-06.02.46:543][  0]LogConfig: Setting CVar [[r.AllowGlobalClipPlane:0]]
[2024.12.18-06.02.46:543][  0]LogConfig: Setting CVar [[r.GBufferFormat:1]]
[2024.12.18-06.02.46:543][  0]LogConfig: Setting CVar [[r.MorphTarget.Mode:1]]
[2024.12.18-06.02.46:543][  0]LogConfig: Setting CVar [[vr.InstancedStereo:0]]
[2024.12.18-06.02.46:543][  0]LogConfig: Setting CVar [[r.MobileHDR:1]]
[2024.12.18-06.02.46:543][  0]LogConfig: Setting CVar [[vr.MobileMultiView:0]]
[2024.12.18-06.02.46:543][  0]LogConfig: Setting CVar [[r.Mobile.UseHWsRGBEncoding:0]]
[2024.12.18-06.02.46:543][  0]LogConfig: Setting CVar [[vr.RoundRobinOcclusion:0]]
[2024.12.18-06.02.46:543][  0]LogConfig: Setting CVar [[vr.ODSCapture:0]]
[2024.12.18-06.02.46:543][  0]LogConfig: Setting CVar [[r.MeshStreaming:0]]
[2024.12.18-06.02.46:543][  0]LogConfig: Setting CVar [[r.WireframeCullThreshold:5.000000]]
[2024.12.18-06.02.46:543][  0]LogConfig: Setting CVar [[r.RayTracing:0]]
[2024.12.18-06.02.46:543][  0]LogConfig: Setting CVar [[r.RayTracing.UseTextureLod:0]]
[2024.12.18-06.02.46:543][  0]LogConfig: Setting CVar [[r.SupportStationarySkylight:1]]
[2024.12.18-06.02.46:543][  0]LogConfig: Setting CVar [[r.SupportLowQualityLightmaps:1]]
[2024.12.18-06.02.46:543][  0]LogConfig: Setting CVar [[r.SupportPointLightWholeSceneShadows:1]]
[2024.12.18-06.02.46:543][  0]LogConfig: Setting CVar [[r.SupportAtmosphericFog:1]]
[2024.12.18-06.02.46:543][  0]LogConfig: Setting CVar [[r.SupportSkyAtmosphere:1]]
[2024.12.18-06.02.46:543][  0]LogConfig: Setting CVar [[r.SupportSkyAtmosphereAffectsHeightFog:0]]
[2024.12.18-06.02.46:543][  0]LogConfig: Setting CVar [[r.SkinCache.CompileShaders:0]]
[2024.12.18-06.02.46:543][  0]LogConfig: Setting CVar [[r.SkinCache.DefaultBehavior:1]]
[2024.12.18-06.02.46:543][  0]LogConfig: Setting CVar [[r.SkinCache.SceneMemoryLimitInMB:128.000000]]
[2024.12.18-06.02.46:543][  0]LogConfig: Setting CVar [[r.Mobile.EnableStaticAndCSMShadowReceivers:1]]
[2024.12.18-06.02.46:543][  0]LogConfig: Setting CVar [[r.Mobile.EnableMovableLightCSMShaderCulling:1]]
[2024.12.18-06.02.46:543][  0]LogConfig: Setting CVar [[r.Mobile.AllowDistanceFieldShadows:1]]
[2024.12.18-06.02.46:543][  0]LogConfig: Setting CVar [[r.Mobile.AllowMovableDirectionalLights:1]]
[2024.12.18-06.02.46:543][  0]LogConfig: Setting CVar [[r.MobileNumDynamicPointLights:4]]
[2024.12.18-06.02.46:543][  0]LogConfig: Setting CVar [[r.MobileDynamicPointLightsUseStaticBranch:1]]
[2024.12.18-06.02.46:543][  0]LogConfig: Setting CVar [[r.Mobile.EnableMovableSpotlights:0]]
[2024.12.18-06.02.46:543][  0]LogConfig: Setting CVar [[r.Mobile.EnableMovableSpotlightsShadow:0]]
[2024.12.18-06.02.46:543][  0]LogConfig: Setting CVar [[r.GPUSkin.Support16BitBoneIndex:0]]
[2024.12.18-06.02.46:543][  0]LogConfig: Setting CVar [[r.GPUSkin.Limit2BoneInfluences:0]]
[2024.12.18-06.02.46:543][  0]LogConfig: Setting CVar [[r.SupportDepthOnlyIndexBuffers:1]]
[2024.12.18-06.02.46:543][  0]LogConfig: Setting CVar [[r.SupportReversedIndexBuffers:1]]
[2024.12.18-06.02.46:543][  0]LogConfig: Setting CVar [[r.LightPropagationVolume:0]]
[2024.12.18-06.02.46:543][  0]LogConfig: Setting CVar [[r.Mobile.AmbientOcclusion:0]]
[2024.12.18-06.02.46:543][  0]LogConfig: Setting CVar [[r.GPUSkin.UnlimitedBoneInfluences:0]]
[2024.12.18-06.02.46:543][  0]LogConfig: Setting CVar [[r.GPUSkin.UnlimitedBoneInfluencesThreshold:8]]
[2024.12.18-06.02.46:543][  0]LogConfig: Setting CVar [[r.Mobile.PlanarReflectionMode:0]]
[2024.12.18-06.02.46:543][  0]LogConfig: Setting CVar [[r.Mobile.SupportsGen4TAA:0]]
[2024.12.18-06.02.46:543][  0]LogConfig: Applying CVar settings from Section [/Script/Engine.RendererOverrideSettings] File [../../../AirJet/Saved/Config/WindowsNoEditor/Engine.ini]
[2024.12.18-06.02.46:543][  0]LogConfig: Applying CVar settings from Section [/Script/Engine.StreamingSettings] File [../../../AirJet/Saved/Config/WindowsNoEditor/Engine.ini]
[2024.12.18-06.02.46:543][  0]LogConfig: Setting CVar [[s.MinBulkDataSizeForAsyncLoading:131072]]
[2024.12.18-06.02.46:543][  0]LogConfig: Setting CVar [[s.AsyncLoadingThreadEnabled:0]]
[2024.12.18-06.02.46:543][  0]LogConfig: Setting CVar [[s.EventDrivenLoaderEnabled:1]]
[2024.12.18-06.02.46:543][  0]LogConfig: Setting CVar [[s.WarnIfTimeLimitExceeded:0]]
[2024.12.18-06.02.46:543][  0]LogConfig: Setting CVar [[s.TimeLimitExceededMultiplier:1.5]]
[2024.12.18-06.02.46:543][  0]LogConfig: Setting CVar [[s.TimeLimitExceededMinTime:0.005]]
[2024.12.18-06.02.46:543][  0]LogConfig: Setting CVar [[s.UseBackgroundLevelStreaming:1]]
[2024.12.18-06.02.46:543][  0]LogConfig: Setting CVar [[s.PriorityAsyncLoadingExtraTime:15.0]]
[2024.12.18-06.02.46:543][  0]LogConfig: Setting CVar [[s.LevelStreamingActorsUpdateTimeLimit:5.0]]
[2024.12.18-06.02.46:543][  0]LogConfig: Setting CVar [[s.PriorityLevelStreamingActorsUpdateExtraTime:5.0]]
[2024.12.18-06.02.46:543][  0]LogConfig: Setting CVar [[s.LevelStreamingComponentsRegistrationGranularity:10]]
[2024.12.18-06.02.46:543][  0]LogConfig: Setting CVar [[s.UnregisterComponentsTimeLimit:1.0]]
[2024.12.18-06.02.46:543][  0]LogConfig: Setting CVar [[s.LevelStreamingComponentsUnregistrationGranularity:5]]
[2024.12.18-06.02.46:543][  0]LogConfig: Setting CVar [[s.FlushStreamingOnExit:1]]
[2024.12.18-06.02.46:543][  0]LogConfig: Applying CVar settings from Section [/Script/Engine.GarbageCollectionSettings] File [../../../AirJet/Saved/Config/WindowsNoEditor/Engine.ini]
[2024.12.18-06.02.46:543][  0]LogConfig: Setting CVar [[gc.MaxObjectsNotConsideredByGC:1]]
[2024.12.18-06.02.46:543][  0]LogConfig: Setting CVar [[gc.SizeOfPermanentObjectPool:0]]
[2024.12.18-06.02.46:543][  0]LogConfig: Setting CVar [[gc.FlushStreamingOnGC:0]]
[2024.12.18-06.02.46:543][  0]LogConfig: Setting CVar [[gc.NumRetriesBeforeForcingGC:10]]
[2024.12.18-06.02.46:543][  0]LogConfig: Setting CVar [[gc.AllowParallelGC:1]]
[2024.12.18-06.02.46:543][  0]LogConfig: Setting CVar [[gc.TimeBetweenPurgingPendingKillObjects:61.1]]
[2024.12.18-06.02.46:543][  0]LogConfig: Setting CVar [[gc.MaxObjectsInEditor:25165824]]
[2024.12.18-06.02.46:544][  0]LogConfig: Setting CVar [[gc.IncrementalBeginDestroyEnabled:1]]
[2024.12.18-06.02.46:544][  0]LogConfig: Setting CVar [[gc.CreateGCClusters:1]]
[2024.12.18-06.02.46:544][  0]LogConfig: Setting CVar [[gc.MinGCClusterSize:5]]
[2024.12.18-06.02.46:544][  0]LogConfig: Setting CVar [[gc.ActorClusteringEnabled:0]]
[2024.12.18-06.02.46:544][  0]LogConfig: Setting CVar [[gc.BlueprintClusteringEnabled:0]]
[2024.12.18-06.02.46:544][  0]LogConfig: Setting CVar [[gc.UseDisregardForGCOnDedicatedServers:0]]
[2024.12.18-06.02.46:544][  0]LogConfig: Setting CVar [[gc.MultithreadedDestructionEnabled:1]]
[2024.12.18-06.02.46:544][  0]LogConfig: Applying CVar settings from Section [/Script/Engine.NetworkSettings] File [../../../AirJet/Saved/Config/WindowsNoEditor/Engine.ini]
[2024.12.18-06.02.46:547][  0]LogConfig: Applying CVar settings from Section [ViewDistanceQuality@3] File [../../../AirJet/Saved/Config/WindowsNoEditor/Scalability.ini]
[2024.12.18-06.02.46:547][  0]LogConfig: Setting CVar [[r.SkeletalMeshLODBias:0]]
[2024.12.18-06.02.46:547][  0]LogConfig: Setting CVar [[r.ViewDistanceScale:1.0]]
[2024.12.18-06.02.46:547][  0]LogConfig: Applying CVar settings from Section [AntiAliasingQuality@3] File [../../../AirJet/Saved/Config/WindowsNoEditor/Scalability.ini]
[2024.12.18-06.02.46:547][  0]LogConfig: Setting CVar [[r.PostProcessAAQuality:4]]
[2024.12.18-06.02.46:547][  0]LogConfig: Applying CVar settings from Section [ShadowQuality@3] File [../../../AirJet/Saved/Config/WindowsNoEditor/Scalability.ini]
[2024.12.18-06.02.46:547][  0]LogConfig: Setting CVar [[r.LightFunctionQuality:1]]
[2024.12.18-06.02.46:547][  0]LogConfig: Setting CVar [[r.ShadowQuality:5]]
[2024.12.18-06.02.46:547][  0]LogConfig: Setting CVar [[r.Shadow.CSM.MaxCascades:10]]
[2024.12.18-06.02.46:547][  0]LogConfig: Setting CVar [[r.Shadow.MaxResolution:2048]]
[2024.12.18-06.02.46:547][  0]LogConfig: Setting CVar [[r.Shadow.MaxCSMResolution:2048]]
[2024.12.18-06.02.46:547][  0]LogConfig: Setting CVar [[r.Shadow.RadiusThreshold:0.01]]
[2024.12.18-06.02.46:547][  0]LogConfig: Setting CVar [[r.Shadow.DistanceScale:1.0]]
[2024.12.18-06.02.46:547][  0]LogConfig: Setting CVar [[r.Shadow.CSM.TransitionScale:1.0]]
[2024.12.18-06.02.46:547][  0]LogConfig: Setting CVar [[r.Shadow.PreShadowResolutionFactor:1.0]]
[2024.12.18-06.02.46:547][  0]LogConfig: Setting CVar [[r.DistanceFieldShadowing:1]]
[2024.12.18-06.02.46:547][  0]LogConfig: Setting CVar [[r.DistanceFieldAO:1]]
[2024.12.18-06.02.46:547][  0]LogConfig: Setting CVar [[r.AOQuality:2]]
[2024.12.18-06.02.46:547][  0]LogConfig: Setting CVar [[r.VolumetricFog:1]]
[2024.12.18-06.02.46:547][  0]LogConfig: Setting CVar [[r.VolumetricFog.GridPixelSize:8]]
[2024.12.18-06.02.46:547][  0]LogConfig: Setting CVar [[r.VolumetricFog.GridSizeZ:128]]
[2024.12.18-06.02.46:547][  0]LogConfig: Setting CVar [[r.VolumetricFog.HistoryMissSupersampleCount:4]]
[2024.12.18-06.02.46:547][  0]LogConfig: Setting CVar [[r.LightMaxDrawDistanceScale:1]]
[2024.12.18-06.02.46:547][  0]LogConfig: Setting CVar [[r.CapsuleShadows:1]]
[2024.12.18-06.02.46:547][  0]LogConfig: Applying CVar settings from Section [PostProcessQuality@3] File [../../../AirJet/Saved/Config/WindowsNoEditor/Scalability.ini]
[2024.12.18-06.02.46:547][  0]LogConfig: Setting CVar [[r.MotionBlurQuality:4]]
[2024.12.18-06.02.46:547][  0]LogConfig: Setting CVar [[r.AmbientOcclusionMipLevelFactor:0.4]]
[2024.12.18-06.02.46:547][  0]LogConfig: Setting CVar [[r.AmbientOcclusionMaxQuality:100]]
[2024.12.18-06.02.46:547][  0]LogConfig: Setting CVar [[r.AmbientOcclusionLevels:-1]]
[2024.12.18-06.02.46:547][  0]LogConfig: Setting CVar [[r.AmbientOcclusionRadiusScale:1.0]]
[2024.12.18-06.02.46:547][  0]LogConfig: Setting CVar [[r.DepthOfFieldQuality:2]]
[2024.12.18-06.02.46:547][  0]LogConfig: Setting CVar [[r.RenderTargetPoolMin:400]]
[2024.12.18-06.02.46:547][  0]LogConfig: Setting CVar [[r.LensFlareQuality:2]]
[2024.12.18-06.02.46:548][  0]LogConfig: Setting CVar [[r.SceneColorFringeQuality:1]]
[2024.12.18-06.02.46:548][  0]LogConfig: Setting CVar [[r.EyeAdaptationQuality:2]]
[2024.12.18-06.02.46:548][  0]LogConfig: Setting CVar [[r.BloomQuality:5]]
[2024.12.18-06.02.46:548][  0]LogConfig: Setting CVar [[r.FastBlurThreshold:100]]
[2024.12.18-06.02.46:548][  0]LogConfig: Setting CVar [[r.Upscale.Quality:3]]
[2024.12.18-06.02.46:548][  0]LogConfig: Setting CVar [[r.Tonemapper.GrainQuantization:1]]
[2024.12.18-06.02.46:548][  0]LogConfig: Setting CVar [[r.LightShaftQuality:1]]
[2024.12.18-06.02.46:548][  0]LogConfig: Setting CVar [[r.Filter.SizeScale:1]]
[2024.12.18-06.02.46:548][  0]LogConfig: Setting CVar [[r.Tonemapper.Quality:5]]
[2024.12.18-06.02.46:548][  0]LogConfig: Setting CVar [[r.DOF.Gather.AccumulatorQuality:1        ; higher gathering accumulator quality]]
[2024.12.18-06.02.46:548][  0]LogConfig: Setting CVar [[r.DOF.Gather.PostfilterMethod:1          ; Median3x3 postfilering method]]
[2024.12.18-06.02.46:548][  0]LogConfig: Setting CVar [[r.DOF.Gather.EnableBokehSettings:0       ; no bokeh simulation when gathering]]
[2024.12.18-06.02.46:548][  0]LogConfig: Setting CVar [[r.DOF.Gather.RingCount:4                 ; medium number of samples when gathering]]
[2024.12.18-06.02.46:548][  0]LogConfig: Setting CVar [[r.DOF.Scatter.ForegroundCompositing:1    ; additive foreground scattering]]
[2024.12.18-06.02.46:548][  0]LogConfig: Setting CVar [[r.DOF.Scatter.BackgroundCompositing:2    ; additive background scattering]]
[2024.12.18-06.02.46:548][  0]LogConfig: Setting CVar [[r.DOF.Scatter.EnableBokehSettings:1      ; bokeh simulation when scattering]]
[2024.12.18-06.02.46:548][  0]LogConfig: Setting CVar [[r.DOF.Scatter.MaxSpriteRatio:0.1         ; only a maximum of 10% of scattered bokeh]]
[2024.12.18-06.02.46:548][  0]LogConfig: Setting CVar [[r.DOF.Recombine.Quality:1                ; cheap slight out of focus]]
[2024.12.18-06.02.46:548][  0]LogConfig: Setting CVar [[r.DOF.Recombine.EnableBokehSettings:0    ; no bokeh simulation on slight out of focus]]
[2024.12.18-06.02.46:548][  0]LogConfig: Setting CVar [[r.DOF.TemporalAAQuality:1                ; more stable temporal accumulation]]
[2024.12.18-06.02.46:548][  0]LogConfig: Setting CVar [[r.DOF.Kernel.MaxForegroundRadius:0.025]]
[2024.12.18-06.02.46:548][  0]LogConfig: Setting CVar [[r.DOF.Kernel.MaxBackgroundRadius:0.025]]
[2024.12.18-06.02.46:548][  0]LogConfig: Applying CVar settings from Section [TextureQuality@3] File [../../../AirJet/Saved/Config/WindowsNoEditor/Scalability.ini]
[2024.12.18-06.02.46:548][  0]LogConfig: Setting CVar [[r.Streaming.MipBias:0]]
[2024.12.18-06.02.46:548][  0]LogConfig: Setting CVar [[r.Streaming.AmortizeCPUToGPUCopy:0]]
[2024.12.18-06.02.46:548][  0]LogConfig: Setting CVar [[r.Streaming.MaxNumTexturesToStreamPerFrame:0]]
[2024.12.18-06.02.46:548][  0]LogConfig: Setting CVar [[r.Streaming.Boost:1]]
[2024.12.18-06.02.46:548][  0]LogConfig: Setting CVar [[r.MaxAnisotropy:8]]
[2024.12.18-06.02.46:548][  0]LogConfig: Setting CVar [[r.VT.MaxAnisotropy:8]]
[2024.12.18-06.02.46:548][  0]LogConfig: Setting CVar [[r.Streaming.LimitPoolSizeToVRAM:0]]
[2024.12.18-06.02.46:548][  0]LogConfig: Setting CVar [[r.Streaming.PoolSize:1000]]
[2024.12.18-06.02.46:548][  0]LogConfig: Setting CVar [[r.Streaming.MaxEffectiveScreenSize:0]]
[2024.12.18-06.02.46:548][  0]LogConfig: Applying CVar settings from Section [EffectsQuality@3] File [../../../AirJet/Saved/Config/WindowsNoEditor/Scalability.ini]
[2024.12.18-06.02.46:548][  0]LogConfig: Setting CVar [[r.TranslucencyLightingVolumeDim:64]]
[2024.12.18-06.02.46:548][  0]LogConfig: Setting CVar [[r.RefractionQuality:2]]
[2024.12.18-06.02.46:548][  0]LogConfig: Setting CVar [[r.SSR.Quality:3]]
[2024.12.18-06.02.46:548][  0]LogConfig: Setting CVar [[r.SSR.HalfResSceneColor:0]]
[2024.12.18-06.02.46:548][  0]LogConfig: Setting CVar [[r.SceneColorFormat:4]]
[2024.12.18-06.02.46:548][  0]LogConfig: Setting CVar [[r.DetailMode:2]]
[2024.12.18-06.02.46:548][  0]LogConfig: Setting CVar [[r.TranslucencyVolumeBlur:1]]
[2024.12.18-06.02.46:548][  0]LogConfig: Setting CVar [[r.MaterialQualityLevel:1 ; High quality]]
[2024.12.18-06.02.46:548][  0]LogConfig: Setting CVar [[r.AnisotropicMaterials:1]]
[2024.12.18-06.02.46:548][  0]LogConfig: Setting CVar [[r.SSS.Scale:1]]
[2024.12.18-06.02.46:548][  0]LogConfig: Setting CVar [[r.SSS.SampleSet:2]]
[2024.12.18-06.02.46:548][  0]LogConfig: Setting CVar [[r.SSS.Quality:1]]
[2024.12.18-06.02.46:548][  0]LogConfig: Setting CVar [[r.SSS.HalfRes:0]]
[2024.12.18-06.02.46:548][  0]LogConfig: Setting CVar [[r.SSGI.Quality:3]]
[2024.12.18-06.02.46:548][  0]LogConfig: Setting CVar [[r.EmitterSpawnRateScale:1.0]]
[2024.12.18-06.02.46:548][  0]LogConfig: Setting CVar [[r.ParticleLightQuality:2]]
[2024.12.18-06.02.46:548][  0]LogConfig: Setting CVar [[r.SkyAtmosphere.AerialPerspectiveLUT.FastApplyOnOpaque:1 ; Always have FastSkyLUT 1 in this case to avoid wrong sky]]
[2024.12.18-06.02.46:548][  0]LogConfig: Setting CVar [[r.SkyAtmosphere.AerialPerspectiveLUT.SampleCountMaxPerSlice:4]]
[2024.12.18-06.02.46:548][  0]LogConfig: Setting CVar [[r.SkyAtmosphere.AerialPerspectiveLUT.DepthResolution:16.0]]
[2024.12.18-06.02.46:548][  0]LogConfig: Setting CVar [[r.SkyAtmosphere.FastSkyLUT:1]]
[2024.12.18-06.02.46:548][  0]LogConfig: Setting CVar [[r.SkyAtmosphere.FastSkyLUT.SampleCountMin:4.0]]
[2024.12.18-06.02.46:548][  0]LogConfig: Setting CVar [[r.SkyAtmosphere.FastSkyLUT.SampleCountMax:128.0]]
[2024.12.18-06.02.46:548][  0]LogConfig: Setting CVar [[r.SkyAtmosphere.SampleCountMin:4.0]]
[2024.12.18-06.02.46:548][  0]LogConfig: Setting CVar [[r.SkyAtmosphere.SampleCountMax:128.0]]
[2024.12.18-06.02.46:548][  0]LogConfig: Setting CVar [[r.SkyAtmosphere.TransmittanceLUT.UseSmallFormat:0]]
[2024.12.18-06.02.46:548][  0]LogConfig: Setting CVar [[r.SkyAtmosphere.TransmittanceLUT.SampleCount:10.0]]
[2024.12.18-06.02.46:548][  0]LogConfig: Setting CVar [[r.SkyAtmosphere.MultiScatteringLUT.SampleCount:15.0]]
[2024.12.18-06.02.46:548][  0]LogConfig: Setting CVar [[r.SkyLight.RealTimeReflectionCapture:1]]
[2024.12.18-06.02.46:548][  0]LogConfig: Setting CVar [[fx.Niagara.QualityLevel:3]]
[2024.12.18-06.02.46:548][  0]LogConfig: Applying CVar settings from Section [FoliageQuality@3] File [../../../AirJet/Saved/Config/WindowsNoEditor/Scalability.ini]
[2024.12.18-06.02.46:548][  0]LogConfig: Setting CVar [[foliage.DensityScale:1.0]]
[2024.12.18-06.02.46:548][  0]LogConfig: Setting CVar [[grass.DensityScale:1.0]]
[2024.12.18-06.02.46:548][  0]LogConfig: Applying CVar settings from Section [ShadingQuality@3] File [../../../AirJet/Saved/Config/WindowsNoEditor/Scalability.ini]
[2024.12.18-06.02.46:548][  0]LogConfig: Setting CVar [[r.HairStrands.SkyLighting.IntegrationType:2]]
[2024.12.18-06.02.46:548][  0]LogConfig: Setting CVar [[r.HairStrands.SkyAO.SampleCount:4]]
[2024.12.18-06.02.46:548][  0]LogConfig: Setting CVar [[r.HairStrands.Visibility.MSAA.SamplePerPixel:4]]
[2024.12.18-06.02.46:548][  0]LogInit: Selected Device Profile: [WindowsNoEditor]
[2024.12.18-06.02.46:548][  0]LogInit: Applying CVar settings loaded from the selected device profile: [WindowsNoEditor]
[2024.12.18-06.02.46:548][  0]LogHAL: Display: Platform has ~ 32 GB [33412780032 / 34359738368 / 32], which maps to Largest [LargestMinGB=32, LargerMinGB=12, DefaultMinGB=8, SmallerMinGB=6, SmallestMinGB=0)
[2024.12.18-06.02.46:548][  0]LogInit: Going up to parent DeviceProfile [Windows]
[2024.12.18-06.02.46:548][  0]LogInit: Going up to parent DeviceProfile []
[2024.12.18-06.02.46:548][  0]LogConfig: Applying CVar settings from Section [ViewDistanceQuality@3] File [../../../AirJet/Saved/Config/WindowsNoEditor/Scalability.ini]
[2024.12.18-06.02.46:548][  0]LogConfig: Setting CVar [[r.SkeletalMeshLODBias:0]]
[2024.12.18-06.02.46:548][  0]LogConfig: Setting CVar [[r.ViewDistanceScale:1.0]]
[2024.12.18-06.02.46:548][  0]LogConfig: Applying CVar settings from Section [AntiAliasingQuality@3] File [../../../AirJet/Saved/Config/WindowsNoEditor/Scalability.ini]
[2024.12.18-06.02.46:548][  0]LogConfig: Setting CVar [[r.PostProcessAAQuality:4]]
[2024.12.18-06.02.46:548][  0]LogConfig: Applying CVar settings from Section [ShadowQuality@3] File [../../../AirJet/Saved/Config/WindowsNoEditor/Scalability.ini]
[2024.12.18-06.02.46:548][  0]LogConfig: Setting CVar [[r.LightFunctionQuality:1]]
[2024.12.18-06.02.46:548][  0]LogConfig: Setting CVar [[r.ShadowQuality:5]]
[2024.12.18-06.02.46:548][  0]LogConfig: Setting CVar [[r.Shadow.CSM.MaxCascades:10]]
[2024.12.18-06.02.46:548][  0]LogConfig: Setting CVar [[r.Shadow.MaxResolution:2048]]
[2024.12.18-06.02.46:548][  0]LogConfig: Setting CVar [[r.Shadow.MaxCSMResolution:2048]]
[2024.12.18-06.02.46:548][  0]LogConfig: Setting CVar [[r.Shadow.RadiusThreshold:0.01]]
[2024.12.18-06.02.46:548][  0]LogConfig: Setting CVar [[r.Shadow.DistanceScale:1.0]]
[2024.12.18-06.02.46:548][  0]LogConfig: Setting CVar [[r.Shadow.CSM.TransitionScale:1.0]]
[2024.12.18-06.02.46:548][  0]LogConfig: Setting CVar [[r.Shadow.PreShadowResolutionFactor:1.0]]
[2024.12.18-06.02.46:548][  0]LogConfig: Setting CVar [[r.DistanceFieldShadowing:1]]
[2024.12.18-06.02.46:548][  0]LogConfig: Setting CVar [[r.DistanceFieldAO:1]]
[2024.12.18-06.02.46:548][  0]LogConfig: Setting CVar [[r.AOQuality:2]]
[2024.12.18-06.02.46:548][  0]LogConfig: Setting CVar [[r.VolumetricFog:1]]
[2024.12.18-06.02.46:548][  0]LogConfig: Setting CVar [[r.VolumetricFog.GridPixelSize:8]]
[2024.12.18-06.02.46:548][  0]LogConfig: Setting CVar [[r.VolumetricFog.GridSizeZ:128]]
[2024.12.18-06.02.46:548][  0]LogConfig: Setting CVar [[r.VolumetricFog.HistoryMissSupersampleCount:4]]
[2024.12.18-06.02.46:548][  0]LogConfig: Setting CVar [[r.LightMaxDrawDistanceScale:1]]
[2024.12.18-06.02.46:548][  0]LogConfig: Setting CVar [[r.CapsuleShadows:1]]
[2024.12.18-06.02.46:548][  0]LogConfig: Applying CVar settings from Section [PostProcessQuality@3] File [../../../AirJet/Saved/Config/WindowsNoEditor/Scalability.ini]
[2024.12.18-06.02.46:548][  0]LogConfig: Setting CVar [[r.MotionBlurQuality:4]]
[2024.12.18-06.02.46:548][  0]LogConfig: Setting CVar [[r.AmbientOcclusionMipLevelFactor:0.4]]
[2024.12.18-06.02.46:548][  0]LogConfig: Setting CVar [[r.AmbientOcclusionMaxQuality:100]]
[2024.12.18-06.02.46:548][  0]LogConfig: Setting CVar [[r.AmbientOcclusionLevels:-1]]
[2024.12.18-06.02.46:548][  0]LogConfig: Setting CVar [[r.AmbientOcclusionRadiusScale:1.0]]
[2024.12.18-06.02.46:548][  0]LogConfig: Setting CVar [[r.DepthOfFieldQuality:2]]
[2024.12.18-06.02.46:548][  0]LogConfig: Setting CVar [[r.RenderTargetPoolMin:400]]
[2024.12.18-06.02.46:548][  0]LogConfig: Setting CVar [[r.LensFlareQuality:2]]
[2024.12.18-06.02.46:548][  0]LogConfig: Setting CVar [[r.SceneColorFringeQuality:1]]
[2024.12.18-06.02.46:548][  0]LogConfig: Setting CVar [[r.EyeAdaptationQuality:2]]
[2024.12.18-06.02.46:548][  0]LogConfig: Setting CVar [[r.BloomQuality:5]]
[2024.12.18-06.02.46:548][  0]LogConfig: Setting CVar [[r.FastBlurThreshold:100]]
[2024.12.18-06.02.46:548][  0]LogConfig: Setting CVar [[r.Upscale.Quality:3]]
[2024.12.18-06.02.46:548][  0]LogConfig: Setting CVar [[r.Tonemapper.GrainQuantization:1]]
[2024.12.18-06.02.46:548][  0]LogConfig: Setting CVar [[r.LightShaftQuality:1]]
[2024.12.18-06.02.46:548][  0]LogConfig: Setting CVar [[r.Filter.SizeScale:1]]
[2024.12.18-06.02.46:548][  0]LogConfig: Setting CVar [[r.Tonemapper.Quality:5]]
[2024.12.18-06.02.46:548][  0]LogConfig: Setting CVar [[r.DOF.Gather.AccumulatorQuality:1        ; higher gathering accumulator quality]]
[2024.12.18-06.02.46:548][  0]LogConfig: Setting CVar [[r.DOF.Gather.PostfilterMethod:1          ; Median3x3 postfilering method]]
[2024.12.18-06.02.46:548][  0]LogConfig: Setting CVar [[r.DOF.Gather.EnableBokehSettings:0       ; no bokeh simulation when gathering]]
[2024.12.18-06.02.46:548][  0]LogConfig: Setting CVar [[r.DOF.Gather.RingCount:4                 ; medium number of samples when gathering]]
[2024.12.18-06.02.46:548][  0]LogConfig: Setting CVar [[r.DOF.Scatter.ForegroundCompositing:1    ; additive foreground scattering]]
[2024.12.18-06.02.46:548][  0]LogConfig: Setting CVar [[r.DOF.Scatter.BackgroundCompositing:2    ; additive background scattering]]
[2024.12.18-06.02.46:548][  0]LogConfig: Setting CVar [[r.DOF.Scatter.EnableBokehSettings:1      ; bokeh simulation when scattering]]
[2024.12.18-06.02.46:548][  0]LogConfig: Setting CVar [[r.DOF.Scatter.MaxSpriteRatio:0.1         ; only a maximum of 10% of scattered bokeh]]
[2024.12.18-06.02.46:548][  0]LogConfig: Setting CVar [[r.DOF.Recombine.Quality:1                ; cheap slight out of focus]]
[2024.12.18-06.02.46:548][  0]LogConfig: Setting CVar [[r.DOF.Recombine.EnableBokehSettings:0    ; no bokeh simulation on slight out of focus]]
[2024.12.18-06.02.46:548][  0]LogConfig: Setting CVar [[r.DOF.TemporalAAQuality:1                ; more stable temporal accumulation]]
[2024.12.18-06.02.46:548][  0]LogConfig: Setting CVar [[r.DOF.Kernel.MaxForegroundRadius:0.025]]
[2024.12.18-06.02.46:548][  0]LogConfig: Setting CVar [[r.DOF.Kernel.MaxBackgroundRadius:0.025]]
[2024.12.18-06.02.46:548][  0]LogConfig: Applying CVar settings from Section [TextureQuality@3] File [../../../AirJet/Saved/Config/WindowsNoEditor/Scalability.ini]
[2024.12.18-06.02.46:548][  0]LogConfig: Setting CVar [[r.Streaming.MipBias:0]]
[2024.12.18-06.02.46:548][  0]LogConfig: Setting CVar [[r.Streaming.AmortizeCPUToGPUCopy:0]]
[2024.12.18-06.02.46:548][  0]LogConfig: Setting CVar [[r.Streaming.MaxNumTexturesToStreamPerFrame:0]]
[2024.12.18-06.02.46:548][  0]LogConfig: Setting CVar [[r.Streaming.Boost:1]]
[2024.12.18-06.02.46:548][  0]LogConfig: Setting CVar [[r.MaxAnisotropy:8]]
[2024.12.18-06.02.46:548][  0]LogConfig: Setting CVar [[r.VT.MaxAnisotropy:8]]
[2024.12.18-06.02.46:548][  0]LogConfig: Setting CVar [[r.Streaming.LimitPoolSizeToVRAM:0]]
[2024.12.18-06.02.46:548][  0]LogConfig: Setting CVar [[r.Streaming.PoolSize:1000]]
[2024.12.18-06.02.46:548][  0]LogConfig: Setting CVar [[r.Streaming.MaxEffectiveScreenSize:0]]
[2024.12.18-06.02.46:548][  0]LogConfig: Applying CVar settings from Section [EffectsQuality@3] File [../../../AirJet/Saved/Config/WindowsNoEditor/Scalability.ini]
[2024.12.18-06.02.46:548][  0]LogConfig: Setting CVar [[r.TranslucencyLightingVolumeDim:64]]
[2024.12.18-06.02.46:548][  0]LogConfig: Setting CVar [[r.RefractionQuality:2]]
[2024.12.18-06.02.46:548][  0]LogConfig: Setting CVar [[r.SSR.Quality:3]]
[2024.12.18-06.02.46:548][  0]LogConfig: Setting CVar [[r.SSR.HalfResSceneColor:0]]
[2024.12.18-06.02.46:548][  0]LogConfig: Setting CVar [[r.SceneColorFormat:4]]
[2024.12.18-06.02.46:548][  0]LogConfig: Setting CVar [[r.DetailMode:2]]
[2024.12.18-06.02.46:548][  0]LogConfig: Setting CVar [[r.TranslucencyVolumeBlur:1]]
[2024.12.18-06.02.46:548][  0]LogConfig: Setting CVar [[r.MaterialQualityLevel:1 ; High quality]]
[2024.12.18-06.02.46:548][  0]LogConfig: Setting CVar [[r.AnisotropicMaterials:1]]
[2024.12.18-06.02.46:548][  0]LogConfig: Setting CVar [[r.SSS.Scale:1]]
[2024.12.18-06.02.46:548][  0]LogConfig: Setting CVar [[r.SSS.SampleSet:2]]
[2024.12.18-06.02.46:548][  0]LogConfig: Setting CVar [[r.SSS.Quality:1]]
[2024.12.18-06.02.46:548][  0]LogConfig: Setting CVar [[r.SSS.HalfRes:0]]
[2024.12.18-06.02.46:548][  0]LogConfig: Setting CVar [[r.SSGI.Quality:3]]
[2024.12.18-06.02.46:548][  0]LogConfig: Setting CVar [[r.EmitterSpawnRateScale:1.0]]
[2024.12.18-06.02.46:548][  0]LogConfig: Setting CVar [[r.ParticleLightQuality:2]]
[2024.12.18-06.02.46:548][  0]LogConfig: Setting CVar [[r.SkyAtmosphere.AerialPerspectiveLUT.FastApplyOnOpaque:1 ; Always have FastSkyLUT 1 in this case to avoid wrong sky]]
[2024.12.18-06.02.46:548][  0]LogConfig: Setting CVar [[r.SkyAtmosphere.AerialPerspectiveLUT.SampleCountMaxPerSlice:4]]
[2024.12.18-06.02.46:548][  0]LogConfig: Setting CVar [[r.SkyAtmosphere.AerialPerspectiveLUT.DepthResolution:16.0]]
[2024.12.18-06.02.46:548][  0]LogConfig: Setting CVar [[r.SkyAtmosphere.FastSkyLUT:1]]
[2024.12.18-06.02.46:548][  0]LogConfig: Setting CVar [[r.SkyAtmosphere.FastSkyLUT.SampleCountMin:4.0]]
[2024.12.18-06.02.46:549][  0]LogConfig: Setting CVar [[r.SkyAtmosphere.FastSkyLUT.SampleCountMax:128.0]]
[2024.12.18-06.02.46:549][  0]LogConfig: Setting CVar [[r.SkyAtmosphere.SampleCountMin:4.0]]
[2024.12.18-06.02.46:549][  0]LogConfig: Setting CVar [[r.SkyAtmosphere.SampleCountMax:128.0]]
[2024.12.18-06.02.46:549][  0]LogConfig: Setting CVar [[r.SkyAtmosphere.TransmittanceLUT.UseSmallFormat:0]]
[2024.12.18-06.02.46:549][  0]LogConfig: Setting CVar [[r.SkyAtmosphere.TransmittanceLUT.SampleCount:10.0]]
[2024.12.18-06.02.46:549][  0]LogConfig: Setting CVar [[r.SkyAtmosphere.MultiScatteringLUT.SampleCount:15.0]]
[2024.12.18-06.02.46:549][  0]LogConfig: Setting CVar [[r.SkyLight.RealTimeReflectionCapture:1]]
[2024.12.18-06.02.46:549][  0]LogConfig: Setting CVar [[fx.Niagara.QualityLevel:3]]
[2024.12.18-06.02.46:549][  0]LogConfig: Applying CVar settings from Section [FoliageQuality@3] File [../../../AirJet/Saved/Config/WindowsNoEditor/Scalability.ini]
[2024.12.18-06.02.46:549][  0]LogConfig: Setting CVar [[foliage.DensityScale:1.0]]
[2024.12.18-06.02.46:549][  0]LogConfig: Setting CVar [[grass.DensityScale:1.0]]
[2024.12.18-06.02.46:549][  0]LogConfig: Applying CVar settings from Section [ShadingQuality@3] File [../../../AirJet/Saved/Config/WindowsNoEditor/Scalability.ini]
[2024.12.18-06.02.46:549][  0]LogConfig: Setting CVar [[r.HairStrands.SkyLighting.IntegrationType:2]]
[2024.12.18-06.02.46:549][  0]LogConfig: Setting CVar [[r.HairStrands.SkyAO.SampleCount:4]]
[2024.12.18-06.02.46:549][  0]LogConfig: Setting CVar [[r.HairStrands.Visibility.MSAA.SamplePerPixel:4]]
[2024.12.18-06.02.46:549][  0]LogConfig: Applying CVar settings from Section [Startup] File [../../../Engine/Config/ConsoleVariables.ini]
[2024.12.18-06.02.46:549][  0]LogConfig: Setting CVar [[net.UseAdaptiveNetUpdateFrequency:0]]
[2024.12.18-06.02.46:549][  0]LogConfig: Setting CVar [[p.chaos.AllowCreatePhysxBodies:1]]
[2024.12.18-06.02.46:549][  0]LogConfig: Setting CVar [[fx.SkipVectorVMBackendOptimizations:1]]
[2024.12.18-06.02.46:549][  0]LogConfig: Applying CVar settings from Section [ConsoleVariables] File [../../../AirJet/Saved/Config/WindowsNoEditor/Engine.ini]
[2024.12.18-06.02.46:549][  0]LogInit: Computer: DT-HOME
[2024.12.18-06.02.46:549][  0]LogInit: User: DevelopmentUser
[2024.12.18-06.02.46:549][  0]LogInit: CPU Page size=4096, Cores=8
[2024.12.18-06.02.46:549][  0]LogInit: High frequency timer resolution =10.000000 MHz
[2024.12.18-06.02.46:549][  0]LogMemory: Memory total: Physical=31.1GB (32GB approx)
[2024.12.18-06.02.46:549][  0]LogMemory: Platform Memory Stats for WindowsNoEditor
[2024.12.18-06.02.46:549][  0]LogMemory: Process Physical Memory: 84.19 MB used, 84.19 MB peak
[2024.12.18-06.02.46:549][  0]LogMemory: Process Virtual Memory: 84.27 MB used, 84.27 MB peak
[2024.12.18-06.02.46:549][  0]LogMemory: Physical Memory: 11734.48 MB used,  20130.43 MB free, 31864.91 MB total
[2024.12.18-06.02.46:549][  0]LogMemory: Virtual Memory: 134175424.00 MB used,  42306.68 MB free, 134217728.00 MB total
[2024.12.18-06.02.46:550][  0]LogWindows: WindowsPlatformFeatures enabled
[2024.12.18-06.02.46:670][  0]LogInit: Physics initialised using underlying interface: PhysX
[2024.12.18-06.02.46:670][  0]LogInit: Using OS detected language (en-US).
[2024.12.18-06.02.46:670][  0]LogInit: Using OS detected locale (en-US).
[2024.12.18-06.02.46:670][  0]LogTextLocalizationManager: No specific localization for 'en-US' exists, so the 'en' localization will be used.
[2024.12.18-06.02.46:683][  0]LogWindowsTextInputMethodSystem: Display: IME system deactivated.
[2024.12.18-06.02.46:691][  0]LogSlate: New Slate User Created.  User Index 0, Is Virtual User: 0
[2024.12.18-06.02.46:691][  0]LogSlate: Slate User Registered.  User Index 0, Is Virtual User: 0
[2024.12.18-06.02.46:716][  0]LogD3D11RHI: Loaded GFSDK_Aftermath_Lib.x64.dll
[2024.12.18-06.02.46:724][  0]LogHMD: Failed to initialize OpenVR with code 110
[2024.12.18-06.02.46:724][  0]LogD3D11RHI: D3D11 min allowed feature level: 11_0
[2024.12.18-06.02.46:724][  0]LogD3D11RHI: D3D11 max allowed feature level: 11_0
[2024.12.18-06.02.46:724][  0]LogD3D11RHI: D3D11 adapters:
[2024.12.18-06.02.46:799][  0]LogD3D11RHI:    0. 'NVIDIA GeForce GTX 1650' (Feature Level 11_0)
[2024.12.18-06.02.46:799][  0]LogD3D11RHI:       3935/0/15932 MB DedicatedVideo/DedicatedSystem/SharedSystem, Outputs:2, VendorId:0x10de
[2024.12.18-06.02.46:828][  0]LogD3D11RHI:    1. 'AMD Radeon(TM) Graphics' (Feature Level 11_0)
[2024.12.18-06.02.46:828][  0]LogD3D11RHI:       485/0/15932 MB DedicatedVideo/DedicatedSystem/SharedSystem, Outputs:0, VendorId:0x1002
[2024.12.18-06.02.46:830][  0]LogD3D11RHI:    2. 'Microsoft Basic Render Driver' (Feature Level 11_0)
[2024.12.18-06.02.46:830][  0]LogD3D11RHI:       0/0/15932 MB DedicatedVideo/DedicatedSystem/SharedSystem, Outputs:0, VendorId:0x1414
[2024.12.18-06.02.46:830][  0]LogD3D11RHI: Chosen D3D11 Adapter:
[2024.12.18-06.02.46:830][  0]LogD3D11RHI:     Description : NVIDIA GeForce GTX 1650
[2024.12.18-06.02.46:830][  0]LogD3D11RHI:     VendorId    : 10de
[2024.12.18-06.02.46:830][  0]LogD3D11RHI:     DeviceId    : 2188
[2024.12.18-06.02.46:830][  0]LogD3D11RHI:     SubSysId    : 8d971462
[2024.12.18-06.02.46:830][  0]LogD3D11RHI:     Revision    : 00a1
[2024.12.18-06.02.46:830][  0]LogD3D11RHI:     DedicatedVideoMemory : 4126146560 bytes
[2024.12.18-06.02.46:830][  0]LogD3D11RHI:     DedicatedSystemMemory : 0 bytes
[2024.12.18-06.02.46:830][  0]LogD3D11RHI:     SharedSystemMemory : 16706390016 bytes
[2024.12.18-06.02.46:830][  0]LogD3D11RHI:     AdapterLuid : 0 66928
[2024.12.18-06.02.46:835][  0]LogD3D11RHI: Creating new Direct3DDevice
[2024.12.18-06.02.46:835][  0]LogD3D11RHI:     GPU DeviceId: 0x2188 (for the marketing name, search the web for "GPU Device Id")
[2024.12.18-06.02.46:835][  0]LogWindows: EnumDisplayDevices:
[2024.12.18-06.02.46:835][  0]LogWindows:    0. 'NVIDIA GeForce GTX 1650' (P:0 D:1)
[2024.12.18-06.02.46:835][  0]LogWindows:    1. 'NVIDIA GeForce GTX 1650' (P:1 D:1)
[2024.12.18-06.02.46:835][  0]LogWindows:    2. 'NVIDIA GeForce GTX 1650' (P:0 D:0)
[2024.12.18-06.02.46:836][  0]LogWindows:    3. 'NVIDIA GeForce GTX 1650' (P:0 D:0)
[2024.12.18-06.02.46:836][  0]LogWindows:    4. 'AMD Radeon(TM) Graphics' (P:0 D:0)
[2024.12.18-06.02.46:836][  0]LogWindows:    5. 'AMD Radeon(TM) Graphics' (P:0 D:0)
[2024.12.18-06.02.46:836][  0]LogWindows:    6. 'AMD Radeon(TM) Graphics' (P:0 D:0)
[2024.12.18-06.02.46:836][  0]LogWindows:    7. 'AMD Radeon(TM) Graphics' (P:0 D:0)
[2024.12.18-06.02.46:836][  0]LogWindows:    8. 'AMD Radeon(TM) Graphics' (P:0 D:0)
[2024.12.18-06.02.46:836][  0]LogWindows: DebugString: PrimaryIsNotTheChoosenAdapter PrimaryIsNotTheChoosenAdapter PrimaryIsNotTheChoosenAdapter PrimaryIsNotTheChoosenAdapter PrimaryIsNotTheChoosenAdapter FoundDriverCount:4 
[2024.12.18-06.02.46:836][  0]LogD3D11RHI:     Adapter Name: NVIDIA GeForce GTX 1650
[2024.12.18-06.02.46:836][  0]LogD3D11RHI:   Driver Version: 560.81 (internal:32.0.15.6081, unified:560.81)
[2024.12.18-06.02.46:836][  0]LogD3D11RHI:      Driver Date: 7-30-2024
[2024.12.18-06.02.46:836][  0]LogRHI: Texture pool is 2754 MB (70% of 3935 MB)
[2024.12.18-06.02.46:836][  0]LogD3D11RHI: Creating D3DDevice using adapter:
[2024.12.18-06.02.46:836][  0]LogD3D11RHI:     Description : NVIDIA GeForce GTX 1650
[2024.12.18-06.02.46:836][  0]LogD3D11RHI:     VendorId    : 10de
[2024.12.18-06.02.46:836][  0]LogD3D11RHI:     DeviceId    : 2188
[2024.12.18-06.02.46:836][  0]LogD3D11RHI:     SubSysId    : 8d971462
[2024.12.18-06.02.46:836][  0]LogD3D11RHI:     Revision    : 00a1
[2024.12.18-06.02.46:836][  0]LogD3D11RHI:     DedicatedVideoMemory : 4126146560 bytes
[2024.12.18-06.02.46:836][  0]LogD3D11RHI:     DedicatedSystemMemory : 0 bytes
[2024.12.18-06.02.46:836][  0]LogD3D11RHI:     SharedSystemMemory : 16706390016 bytes
[2024.12.18-06.02.46:836][  0]LogD3D11RHI:     AdapterLuid : 0 66928
[2024.12.18-06.02.46:881][  0]LogD3D11RHI: RHI has support for 64 bit atomics
[2024.12.18-06.02.46:882][  0]LogD3D11RHI: Async texture creation enabled
[2024.12.18-06.02.46:882][  0]LogD3D11RHI: Array index from any shader is supported
[2024.12.18-06.02.46:898][  0]LogD3D11RHI: GPU Timing Frequency: 1000.000000 (Debug: 2 2)
[2024.12.18-06.02.46:946][  0]LogRHI: GeForceNow SDK initialized: 1
[2024.12.18-06.02.46:946][  0]LogRendererCore: Ray tracing is disabled. Reason: r.RayTracing=0.
[2024.12.18-06.02.46:949][  0]LogShaderLibrary: Display: Using ../../../AirJet/Content/ShaderArchive-Global-PCD3D_SM5.ushaderbytecode for material shader code. Total 1951 unique shaders.
[2024.12.18-06.02.46:949][  0]LogShaderLibrary: Display: Cooked Context: Using Shared Shader Library Global
[2024.12.18-06.02.46:949][  0]LogShaderLibrary: Display: Logical shader library 'Global' has been created, components 1
[2024.12.18-06.02.46:949][  0]LogTemp: Warning: Clearing the OS Cache
[2024.12.18-06.02.46:949][  0]LogODSC: ODSC Thread active.
[2024.12.18-06.02.46:950][  0]LogPakFile: New pak file ../../../AirJet/Content/Paks/AirJet-WindowsNoEditor.pak added to pak precacher.
[2024.12.18-06.02.46:962][  0]LogSlate: Using FreeType 2.10.0
[2024.12.18-06.02.46:962][  0]LogSlate: SlateFontServices - WITH_FREETYPE: 1, WITH_HARFBUZZ: 1
[2024.12.18-06.02.46:988][  0]LogShaderLibrary: Display: Using ../../../AirJet/Content/ShaderArchive-AirJet-PCD3D_SM5.ushaderbytecode for material shader code. Total 2747 unique shaders.
[2024.12.18-06.02.46:988][  0]LogShaderLibrary: Display: Cooked Context: Using Shared Shader Library AirJet
[2024.12.18-06.02.46:988][  0]LogShaderLibrary: Display: Logical shader library 'AirJet' has been created, components 1
[2024.12.18-06.02.46:988][  0]LogRHI: Display: Opened pipeline cache after state change and enqueued 0 of 0 tasks for precompile.
[2024.12.18-06.02.46:988][  0]LogShaderLibrary: Display: Using ../../../AirJet/Content/ShaderArchive-AirJet-PCD3D_SM5.ushaderbytecode for material shader code. Total 2747 unique shaders.
[2024.12.18-06.02.46:988][  0]LogShaderLibrary: Display: Cooked Context: Using Shared Shader Library AirJet
[2024.12.18-06.02.46:988][  0]LogRHI: Display: Opened pipeline cache after state change and enqueued 0 of 0 tasks for precompile.
[2024.12.18-06.02.46:988][  0]LogRHI: Display: Failed to open default shader pipeline cache for AirJet using shader platform 0.
[2024.12.18-06.02.46:988][  0]LogRHI: Display: Failed to open default shader pipeline cache for AirJet using shader platform 0.
[2024.12.18-06.02.46:988][  0]LogInit: Using OS detected language (en-US).
[2024.12.18-06.02.46:988][  0]LogInit: Using OS detected locale (en-US).
[2024.12.18-06.02.46:988][  0]LogTextLocalizationManager: No localization for 'en-US' exists, so 'en' will be used for the language.
[2024.12.18-06.02.46:988][  0]LogTextLocalizationManager: No localization for 'en-US' exists, so 'en' will be used for the locale.
[2024.12.18-06.02.46:988][  0]LogSlate: FontCache flush requested. Reason: Culture for localization was changed
[2024.12.18-06.02.46:988][  0]LogSlate: FontCache flush requested. Reason: Culture for localization was changed
[2024.12.18-06.02.46:989][  0]LogTextLocalizationManager: Compacting localization data took   0.50ms
[2024.12.18-06.02.46:989][  0]LogAssetRegistry: FAssetRegistry took 0.0005 seconds to start up
[2024.12.18-06.02.47:029][  0]LogStreaming: Display: FlushAsyncLoading: 1 QueuedPackages, 0 AsyncPackages
[2024.12.18-06.02.47:029][  0]LogPackageLocalizationCache: Processed 28 localized package path(s) for 1 prioritized culture(s) in 0.000088 seconds
[2024.12.18-06.02.47:033][  0]LogSerialization: Display: AllowBulkDataInIoStore: 'true'
[2024.12.18-06.02.47:033][  0]LogInit: Selected Device Profile: [WindowsNoEditor]
[2024.12.18-06.02.47:033][  0]LogInit: Active device profile: [0000021D2F039DC0][0000021D1E750010 49] WindowsNoEditor
[2024.12.18-06.02.47:033][  0]LogInit: Profiles: [0000021D2F03A0C0][0000021D2A8C9250 49] Windows, [0000021D2F039DC0][0000021D1E750010 49] WindowsNoEditor, 
[2024.12.18-06.02.47:041][  0]LogNetVersion: AirJet 1.0.0, NetCL: 17155196, EngineNetVer: 17, GameNetVer: 0 (Checksum: 3672629879)
[2024.12.18-06.02.47:062][  0]LogAudioCaptureCore: Display: No Audio Capture implementations found. Audio input will be silent.
[2024.12.18-06.02.47:062][  0]LogAudioCaptureCore: Display: No Audio Capture implementations found. Audio input will be silent.
[2024.12.18-06.02.47:063][  0]LogHMD: PokeAHoleMaterial loaded successfully
[2024.12.18-06.02.47:088][  0]LogMoviePlayer: Initializing movie player
[2024.12.18-06.02.47:088][  0]LogSteamShared: Display: Loading Steam SDK 1.51
[2024.12.18-06.02.47:110][  0]LogSteamShared: Steam SDK Loaded!
[2024.12.18-06.02.47:110][  0]LogNiagaraDebuggerClient: Niagara Debugger Client Initialized | Session: 0CE177424E1A40E9F85A87B788E85E06 | Instance: 1974B0FB4DA2AFBA51C3F68DAFA82798 (DT-HOME-17920).
[2024.12.18-06.02.47:111][  0]LogSockets: SteamSockets: Disabled due to no Steam OSS running.
[2024.12.18-06.02.47:111][  0]LogAndroidPermission: UAndroidPermissionCallbackProxy::GetInstance
[2024.12.18-06.02.47:111][  0]LogOcInput: OculusInput pre-init called
[2024.12.18-06.02.47:113][  0]LogUObjectArray: 15851 objects as part of root set at end of initial load.
[2024.12.18-06.02.47:113][  0]LogUObjectArray: 2 objects are not in the root set, but can never be destroyed because they are in the DisregardForGC set.
[2024.12.18-06.02.47:113][  0]LogUObjectAllocator: 3238568 out of 0 bytes used by permanent object pool.
[2024.12.18-06.02.47:113][  0]LogUObjectArray: CloseDisregardForGC: 15851/15851 objects in disregard for GC pool
[2024.12.18-06.02.47:115][  0]LogEngine: Initializing Engine...
[2024.12.18-06.02.47:146][  0]LogHMD: Failed to enumerate extensions. Please check that you have a valid OpenXR runtime installed.
[2024.12.18-06.02.47:146][  0]LogHMD: Failed to initialize OpenVR with code 110
[2024.12.18-06.02.47:146][  0]LogStats: UGameplayTagsManager::InitializeManager -  0.000 s
[2024.12.18-06.02.47:172][  0]LogInit: Initializing FReadOnlyCVARCache
[2024.12.18-06.02.47:173][  0]LogAudio: Display: Initializing Audio Device Manager...
[2024.12.18-06.02.47:173][  0]LogAudio: Display: Loading Default Audio Settings Objects...
[2024.12.18-06.02.47:173][  0]LogAudio: Display: No default SoundConcurrencyObject specified (or failed to load).
[2024.12.18-06.02.47:173][  0]LogAudio: Display: Audio Device Manager Initialized
[2024.12.18-06.02.47:173][  0]LogAudio: Display: Creating Audio Device:                 Id: 1, Scope: Shared, Realtime: True
[2024.12.18-06.02.47:173][  0]LogAudioMixer: Display: Audio Mixer Platform Settings:
[2024.12.18-06.02.47:173][  0]LogAudioMixer: Display: 	Sample Rate:						  48000
[2024.12.18-06.02.47:173][  0]LogAudioMixer: Display: 	Callback Buffer Frame Size Requested: 1024
[2024.12.18-06.02.47:173][  0]LogAudioMixer: Display: 	Callback Buffer Frame Size To Use:	  1024
[2024.12.18-06.02.47:173][  0]LogAudioMixer: Display: 	Number of buffers to queue:			  2
[2024.12.18-06.02.47:173][  0]LogAudioMixer: Display: 	Max Channels (voices):				  32
[2024.12.18-06.02.47:173][  0]LogAudioMixer: Display: 	Number of Async Source Workers:		  0
[2024.12.18-06.02.47:173][  0]LogAudio: Display: AudioDevice MaxSources: 32
[2024.12.18-06.02.47:173][  0]LogAudio: Display: Audio Spatialization Plugin: None (built-in).
[2024.12.18-06.02.47:173][  0]LogAudio: Display: Audio Reverb Plugin: None (built-in).
[2024.12.18-06.02.47:173][  0]LogAudio: Display: Audio Occlusion Plugin: None (built-in).
[2024.12.18-06.02.47:173][  0]LogAudioMixer: Display: Initializing audio mixer.
[2024.12.18-06.02.47:238][  0]LogAudioDebug: Display: Lib vorbis DLL was dynamically loaded.
[2024.12.18-06.02.47:243][  0]LogAudioMixer: Display: 0: FrontLeft
[2024.12.18-06.02.47:243][  0]LogAudioMixer: Display: 1: FrontRight
[2024.12.18-06.02.47:249][  0]LogAudioMixer: Display: Using Audio Device 스피커 (Realtek(R) Audio)
[2024.12.18-06.02.47:249][  0]LogAudioMixer: Display: Initializing Sound Submixes...
[2024.12.18-06.02.47:250][  0]LogAudioMixer: Display: Creating Master Submix 'MasterSubmixDefault'
[2024.12.18-06.02.47:250][  0]LogAudioMixer: Display: Creating Master Submix 'MasterReverbSubmixDefault'
[2024.12.18-06.02.47:250][  0]LogAudioMixer: Display: Creating Master Submix 'MasterEQSubmixDefault'
[2024.12.18-06.02.47:250][  0]LogAudioMixer: FMixerPlatformXAudio2::StartAudioStream() called
[2024.12.18-06.02.47:250][  0]LogAudioMixer: Display: Output buffers initialized: Frames=1024, Channels=2, Samples=2048
[2024.12.18-06.02.47:251][  0]LogAudioMixer: Display: Starting AudioMixerPlatformInterface::RunInternal()
[2024.12.18-06.02.47:251][  0]LogAudioMixer: Display: FMixerPlatformXAudio2::SubmitBuffer() called for the first time
[2024.12.18-06.02.47:251][  0]LogInit: FAudioDevice initialized.
[2024.12.18-06.02.47:251][  0]LogNetVersion: Set ProjectVersion to 1.0.0.0. Version Checksum will be recalculated on next use.
[2024.12.18-06.02.47:251][  0]LogInit: Texture streaming: Enabled
[2024.12.18-06.02.47:253][  0]LogAudio: Display: Audio Device (ID: 1) registered with world 'Untitled'.
[2024.12.18-06.02.47:253][  0]LogSlate: Updating window title bar state: overlay mode, drag disabled, window buttons hidden, title bar hidden
[2024.12.18-06.02.47:253][  0]LogInit: Display: Game Engine Initialized.
[2024.12.18-06.02.47:253][  0]LogInit: Display: Starting Game.
[2024.12.18-06.02.47:253][  0]LogNet: Browse: /Game/Aerospace?Name=Player
[2024.12.18-06.02.47:253][  0]LogLoad: LoadMap: /Game/Aerospace?Name=Player
[2024.12.18-06.02.47:253][  0]LogWorld: BeginTearingDown for /Temp/Untitled_0
[2024.12.18-06.02.47:255][  0]LogWorld: UWorld::CleanupWorld for Untitled, bSessionEnded=true, bCleanupResources=true
[2024.12.18-06.02.47:255][  0]LogSlate: InvalidateAllWidgets triggered.  All widgets were invalidated
[2024.12.18-06.02.47:256][  0]LogAudio: Display: Audio Device unregistered from world 'None'.
[2024.12.18-06.02.47:257][  0]LogUObjectHash: Compacting FUObjectHashTables data took   0.41ms
[2024.12.18-06.02.47:280][  0]LogAudio: Display: Audio Device (ID: 1) registered with world 'Aerospace'.
[2024.12.18-06.02.47:281][  0]LogAIModule: Creating AISystem for world Aerospace
[2024.12.18-06.02.47:281][  0]LogLoad: Game class is 'ProjectGamemode_C'
[2024.12.18-06.02.47:282][  0]LogWorld: Bringing World /Game/Aerospace.Aerospace up for play (max tick rate 0) at 2024.12.18-15.02.47
[2024.12.18-06.02.47:282][  0]LogWorld: Bringing up level for play took: 0.000412
[2024.12.18-06.02.47:283][  0]LogTemp: Log: Created thread
[2024.12.18-06.02.47:284][  0]LogLoad: Took 0.029397 seconds to LoadMap(/Game/Aerospace)
[2024.12.18-06.02.47:288][  0]LogTemp: Log: Starting Tcp socket thread.
[2024.12.18-06.02.47:297][  0]LogSlate: Took 0.000149 seconds to synchronously load lazily loaded font '../../../Engine/Content/Slate/Fonts/Roboto-Regular.ttf' (155K)
[2024.12.18-06.02.47:305][  0]LogRenderer: Reallocating scene render targets to support 2560x1440 Format 10 NumSamples 1 (Frame:1).
[2024.12.18-06.02.47:305][  0]LogRHI: Display: ShaderPipelineCache: Paused Batching. 1
[2024.12.18-06.02.47:305][  0]LogPakFile: AllPaks IndexSizes: DirectoryHashSize=305848, PathHashSize=16, EntriesSize=57344, TotalSize=363208
[2024.12.18-06.02.47:305][  0]LogRHI: Display: ShaderPipelineCache: Resumed Batching. 0
[2024.12.18-06.02.47:305][  0]LogRHI: Display: ShaderPipelineCache: Batching Resumed.
[2024.12.18-06.02.47:305][  0]LogInit: Display: Engine is initialized. Leaving FEngineLoop::Init()
[2024.12.18-06.02.47:305][  0]LogLoad: (Engine Initialization) Total time: 1.02 seconds
[2024.12.18-06.02.47:311][  0]LogContentStreaming: Texture pool size now 1000 MB
[2024.12.18-06.02.47:311][  0]LogSlate: InvalidateAllWidgets triggered.  All widgets were invalidated
[2024.12.18-06.02.47:373][  0]LogSlate: Slate font cache was flushed
[2024.12.18-06.02.47:375][  1]LogSlate: Took 0.000149 seconds to synchronously load lazily loaded font '../../../Engine/Content/Slate/Fonts/Roboto-Regular.ttf' (155K)
[2024.12.18-06.02.49:332][237]LogTemp: Log: Couldn't connect to server. TcpSocketConnection.cpp: line 410
[2024.12.18-06.02.49:332][237]LogTemp: Log: Tcp socket thread was destroyed.
[2024.12.18-06.02.50:519][382]LogWindowsDesktop: Alt-F4 pressed!
[2024.12.18-06.02.50:519][382]LogSlate: Request Window 'AirJet (64-bit Development PCD3D_SM5) ' being destroyed
[2024.12.18-06.02.50:535][382]LogSlate: Window 'AirJet (64-bit Development PCD3D_SM5) ' being destroyed
[2024.12.18-06.02.50:541][382]LogSlate: Updating window title bar state: overlay mode, drag disabled, window buttons hidden, title bar hidden
[2024.12.18-06.02.50:541][382]LogEngine: All Windows Closed
[2024.12.18-06.02.50:541][382]LogWindows: FPlatformMisc::RequestExit(0)
[2024.12.18-06.02.50:541][382]LogWindows: FPlatformMisc::RequestExitWithStatus(0, 0)
[2024.12.18-06.02.50:541][382]LogCore: Engine exit requested (reason: Win RequestExit)
[2024.12.18-06.02.50:542][383]LogCore: Engine exit requested (reason: EngineExit() was called; note: exit was already requested)
[2024.12.18-06.02.50:542][383]LogInit: Display: PreExit Game.
[2024.12.18-06.02.50:545][383]LogWorld: BeginTearingDown for /Game/Aerospace
[2024.12.18-06.02.50:545][383]LogWorld: UWorld::CleanupWorld for Aerospace, bSessionEnded=true, bCleanupResources=true
[2024.12.18-06.02.50:545][383]LogSlate: InvalidateAllWidgets triggered.  All widgets were invalidated
[2024.12.18-06.02.51:149][383]LogAudio: Display: Beginning Audio Device Manager Shutdown (Module: AudioMixerXAudio2)...
[2024.12.18-06.02.51:149][383]LogAudio: Display: Destroying 1 Remaining Audio Device(s)...
[2024.12.18-06.02.51:149][383]LogAudio: Display: Audio Device unregistered from world 'Aerospace'.
[2024.12.18-06.02.51:175][383]LogAudioMixer: FMixerPlatformXAudio2::StopAudioStream() called
[2024.12.18-06.02.51:175][383]LogAudioMixer: FMixerPlatformXAudio2::StopAudioStream() called
[2024.12.18-06.02.51:178][383]LogAudio: Display: Audio Device Manager Shutdown
[2024.12.18-06.02.51:180][383]LogExit: Preparing to exit.
[2024.12.18-06.02.51:180][383]LogMoviePlayer: Shutting down movie player
[2024.12.18-06.02.51:182][383]LogSlate: Updating window title bar state: overlay mode, drag disabled, window buttons hidden, title bar hidden
[2024.12.18-06.02.51:196][383]LogDemo: Cleaned up 0 splitscreen connections with owner deletion
[2024.12.18-06.02.51:196][383]LogExit: Game engine shut down
[2024.12.18-06.02.51:206][383]LogExit: Object subsystem successfully closed.
[2024.12.18-06.02.51:211][383]LogModuleManager: Shutting down and abandoning module AutomationController (374)
[2024.12.18-06.02.51:211][383]LogModuleManager: Shutting down and abandoning module AutomationWorker (372)
[2024.12.18-06.02.51:211][383]LogModuleManager: Shutting down and abandoning module Voice (370)
[2024.12.18-06.02.51:211][383]LogModuleManager: Shutting down and abandoning module AIModule (368)
[2024.12.18-06.02.51:211][383]LogModuleManager: Shutting down and abandoning module GameplayDebugger (367)
[2024.12.18-06.02.51:211][383]LogModuleManager: Shutting down and abandoning module NavigationSystem (365)
[2024.12.18-06.02.51:211][383]LogModuleManager: Shutting down and abandoning module WebMMediaFactory (362)
[2024.12.18-06.02.51:211][383]LogModuleManager: Shutting down and abandoning module WebMMedia (360)
[2024.12.18-06.02.51:211][383]LogModuleManager: Shutting down and abandoning module OpenXRInput (358)
[2024.12.18-06.02.51:211][383]LogModuleManager: Shutting down and abandoning module OculusMR (356)
[2024.12.18-06.02.51:211][383]LogModuleManager: Shutting down and abandoning module WmfMediaFactory (354)
[2024.12.18-06.02.51:211][383]LogModuleManager: Shutting down and abandoning module OpenExrWrapper (352)
[2024.12.18-06.02.51:211][383]LogModuleManager: Shutting down and abandoning module ImgMediaFactory (350)
[2024.12.18-06.02.51:211][383]LogModuleManager: Shutting down and abandoning module AvfMediaFactory (348)
[2024.12.18-06.02.51:211][383]LogModuleManager: Shutting down and abandoning module CharacterAI (346)
[2024.12.18-06.02.51:211][383]LogModuleManager: Shutting down and abandoning module PlanarCut (344)
[2024.12.18-06.02.51:211][383]LogModuleManager: Shutting down and abandoning module SessionServices (342)
[2024.12.18-06.02.51:211][383]LogModuleManager: Shutting down and abandoning module LiveCoding (340)
[2024.12.18-06.02.51:211][383]LogModuleManager: Shutting down and abandoning module LevelSequence (338)
[2024.12.18-06.02.51:211][383]LogModuleManager: Shutting down and abandoning module MovieSceneTracks (336)
[2024.12.18-06.02.51:211][383]LogModuleManager: Shutting down and abandoning module MovieScene (334)
[2024.12.18-06.02.51:211][383]LogModuleManager: Shutting down and abandoning module StreamingPauseRendering (332)
[2024.12.18-06.02.51:211][383]LogModuleManager: Shutting down and abandoning module AudioMixerXAudio2 (330)
[2024.12.18-06.02.51:211][383]LogModuleManager: Shutting down and abandoning module AudioMixerCore (329)
[2024.12.18-06.02.51:211][383]LogModuleManager: Shutting down and abandoning module ImageWriteQueue (326)
[2024.12.18-06.02.51:212][383]LogModuleManager: Shutting down and abandoning module ProfilerService (324)
[2024.12.18-06.02.51:369][383]LogModuleManager: Shutting down and abandoning module TaskGraph (322)
[2024.12.18-06.02.51:369][383]LogModuleManager: Shutting down and abandoning module Synthesis (320)
[2024.12.18-06.02.51:369][383]LogModuleManager: Shutting down and abandoning module TakeMovieScene (318)
[2024.12.18-06.02.51:369][383]LogModuleManager: Shutting down and abandoning module LiveLinkMovieScene (316)
[2024.12.18-06.02.51:369][383]LogModuleManager: Shutting down and abandoning module LiveLinkComponents (314)
[2024.12.18-06.02.51:369][383]LogModuleManager: Shutting down and abandoning module LiveLink (312)
[2024.12.18-06.02.52:116][383]LogModuleManager: Shutting down and abandoning module OculusInput (310)
[2024.12.18-06.02.52:116][383]LogModuleManager: Shutting down and abandoning module MobilePatchingUtils (308)
[2024.12.18-06.02.52:116][383]LogModuleManager: Shutting down and abandoning module GooglePAD (306)
[2024.12.18-06.02.52:116][383]LogModuleManager: Shutting down and abandoning module CustomMeshComponent (304)
[2024.12.18-06.02.52:116][383]LogModuleManager: Shutting down and abandoning module CableComponent (302)
[2024.12.18-06.02.52:116][383]LogModuleManager: Shutting down and abandoning module AudioCapture (300)
[2024.12.18-06.02.52:116][383]LogModuleManager: Shutting down and abandoning module AudioCaptureRtAudio (299)
[2024.12.18-06.02.52:116][383]LogModuleManager: Shutting down and abandoning module AssetTags (296)
[2024.12.18-06.02.52:116][383]LogModuleManager: Shutting down and abandoning module ArchVisCharacter (294)
[2024.12.18-06.02.52:116][383]LogModuleManager: Shutting down and abandoning module AppleImageUtils (292)
[2024.12.18-06.02.52:116][383]LogModuleManager: Shutting down and abandoning module AndroidPermission (290)
[2024.12.18-06.02.52:116][383]LogModuleManager: Shutting down and abandoning module ActorLayerUtilities (288)
[2024.12.18-06.02.52:116][383]LogModuleManager: Shutting down and abandoning module MediaCompositing (286)
[2024.12.18-06.02.52:116][383]LogModuleManager: Shutting down and abandoning module ImgMedia (284)
[2024.12.18-06.02.52:116][383]LogModuleManager: Shutting down and abandoning module MagicLeapLightEstimation (282)
[2024.12.18-06.02.52:116][383]LogModuleManager: Shutting down and abandoning module MagicLeapHelperVulkan (280)
[2024.12.18-06.02.52:116][383]LogModuleManager: Shutting down and abandoning module MagicLeapHelperOpenGL (278)
[2024.12.18-06.02.52:116][383]LogModuleManager: Shutting down and abandoning module MagicLeapAudio (276)
[2024.12.18-06.02.52:116][383]LogModuleManager: Shutting down and abandoning module MagicLeapSharedWorld (274)
[2024.12.18-06.02.52:116][383]LogModuleManager: Shutting down and abandoning module OpenImageDenoise (272)
[2024.12.18-06.02.52:116][383]LogModuleManager: Shutting down and abandoning module MotoSynth (270)
[2024.12.18-06.02.52:116][383]LogModuleManager: Shutting down and abandoning module ChaosNiagara (268)
[2024.12.18-06.02.52:116][383]LogModuleManager: Shutting down and abandoning module ProceduralMeshComponent (266)
[2024.12.18-06.02.52:116][383]LogModuleManager: Shutting down and abandoning module GeometryCollectionTracks (264)
[2024.12.18-06.02.52:116][383]LogModuleManager: Shutting down and abandoning module EditableMesh (262)
[2024.12.18-06.02.52:116][383]LogModuleManager: Shutting down and abandoning module MeshConversion (260)
[2024.12.18-06.02.52:116][383]LogModuleManager: Shutting down and abandoning module DynamicMesh (258)
[2024.12.18-06.02.52:116][383]LogModuleManager: Shutting down and abandoning module GeometryAlgorithms (256)
[2024.12.18-06.02.52:116][383]LogModuleManager: Shutting down and abandoning module GeometricObjects (254)
[2024.12.18-06.02.52:116][383]LogModuleManager: Shutting down and abandoning module BackChannel (252)
[2024.12.18-06.02.52:116][383]LogModuleManager: Shutting down and abandoning module AutomationUtils (250)
[2024.12.18-06.02.52:116][383]LogModuleManager: Shutting down and abandoning module GeometryCacheTracks (248)
[2024.12.18-06.02.52:116][383]LogModuleManager: Shutting down and abandoning module GeometryCache (246)
[2024.12.18-06.02.52:116][383]LogModuleManager: Shutting down and abandoning module UObjectPlugin (244)
[2024.12.18-06.02.52:116][383]LogModuleManager: Shutting down and abandoning module OodleNetworkHandlerComponent (242)
[2024.12.18-06.02.52:116][383]LogModuleManager: Shutting down and abandoning module TemplateSequence (240)
[2024.12.18-06.02.52:116][383]LogModuleManager: Shutting down and abandoning module TCPWrapper (238)
[2024.12.18-06.02.52:116][383]LogModuleManager: Shutting down and abandoning module SteamSockets (234)
[2024.12.18-06.02.52:116][383]LogModuleManager: Shutting down and abandoning module WebSocketNetworking (232)
[2024.12.18-06.02.52:116][383]LogModuleManager: Shutting down and abandoning module AirJet (230)
[2024.12.18-06.02.52:116][383]LogModuleManager: Shutting down and abandoning module AudioSynesthesia (228)
[2024.12.18-06.02.52:116][383]LogModuleManager: Shutting down and abandoning module AudioSynesthesiaCore (226)
[2024.12.18-06.02.52:116][383]LogModuleManager: Shutting down and abandoning module SoundFields (224)
[2024.12.18-06.02.52:116][383]LogModuleManager: Shutting down and abandoning module RuntimePhysXCooking (222)
[2024.12.18-06.02.52:116][383]LogModuleManager: Shutting down and abandoning module LocationServicesBPLibrary (218)
[2024.12.18-06.02.52:116][383]LogModuleManager: Shutting down and abandoning module ActorSequence (216)
[2024.12.18-06.02.52:116][383]LogModuleManager: Shutting down and abandoning module UdpMessaging (214)
[2024.12.18-06.02.52:116][383]LogModuleManager: Shutting down and abandoning module TcpMessaging (212)
[2024.12.18-06.02.52:116][383]LogModuleManager: Shutting down and abandoning module ImgMediaEngine (210)
[2024.12.18-06.02.52:116][383]LogModuleManager: Shutting down and abandoning module MagicLeapHandMeshing (208)
[2024.12.18-06.02.52:116][383]LogModuleManager: Shutting down and abandoning module MagicLeapSecureStorage (206)
[2024.12.18-06.02.52:116][383]LogModuleManager: Shutting down and abandoning module MagicLeapPrivileges (204)
[2024.12.18-06.02.52:116][383]LogModuleManager: Shutting down and abandoning module MagicLeapPlanes (202)
[2024.12.18-06.02.52:116][383]LogModuleManager: Shutting down and abandoning module MagicLeapImageTracker (200)
[2024.12.18-06.02.52:116][383]LogModuleManager: Shutting down and abandoning module MagicLeapIdentity (198)
[2024.12.18-06.02.52:116][383]LogModuleManager: Shutting down and abandoning module MagicLeapHandTracking (196)
[2024.12.18-06.02.52:116][383]LogModuleManager: Shutting down and abandoning module MagicLeapEyeTracker (194)
[2024.12.18-06.02.52:116][383]LogModuleManager: Shutting down and abandoning module MagicLeapController (192)
[2024.12.18-06.02.52:116][383]LogModuleManager: Shutting down and abandoning module MagicLeapARPinImpl (190)
[2024.12.18-06.02.52:116][383]LogModuleManager: Shutting down and abandoning module MagicLeapAR (188)
[2024.12.18-06.02.52:116][383]LogModuleManager: Shutting down and abandoning module MagicLeapARPin (186)
[2024.12.18-06.02.52:116][383]LogModuleManager: Shutting down and abandoning module NiagaraAnimNotifies (184)
[2024.12.18-06.02.52:116][383]LogModuleManager: Shutting down and abandoning module Niagara (182)
[2024.12.18-06.02.52:116][383]LogModuleManager: Shutting down and abandoning module SignalProcessing (181)
[2024.12.18-06.02.52:116][383]LogModuleManager: Shutting down and abandoning module NiagaraCore (178)
[2024.12.18-06.02.52:116][383]LogModuleManager: Shutting down and abandoning module FacialAnimation (176)
[2024.12.18-06.02.52:116][383]LogModuleManager: Shutting down and abandoning module SignificanceManager (174)
[2024.12.18-06.02.52:116][383]LogModuleManager: Shutting down and abandoning module AnimationSharing (172)
[2024.12.18-06.02.52:116][383]LogModuleManager: Shutting down and abandoning module GameplayCameras (170)
[2024.12.18-06.02.52:116][383]LogModuleManager: Shutting down and abandoning module LightPropagationVolumeRuntime (168)
[2024.12.18-06.02.52:116][383]LogModuleManager: Shutting down and abandoning module Paper2D (166)
[2024.12.18-06.02.52:116][383]LogModuleManager: Shutting down and abandoning module SteamShared (164)
[2024.12.18-06.02.52:116][383]LogSteamShared: Freeing the Steam Loaded Modules...
[2024.12.18-06.02.52:116][383]LogModuleManager: Shutting down and abandoning module WindowsMoviePlayer (162)
[2024.12.18-06.02.52:117][383]LogModuleManager: Shutting down and abandoning module WebMMoviePlayer (160)
[2024.12.18-06.02.52:117][383]LogModuleManager: Shutting down and abandoning module Socketer (158)
[2024.12.18-06.02.52:117][383]LogModuleManager: Shutting down and abandoning module TcpSocketPlugin (156)
[2024.12.18-06.02.52:117][383]LogModuleManager: Shutting down and abandoning module NetworkReplayStreaming (154)
[2024.12.18-06.02.52:117][383]LogModuleManager: Shutting down and abandoning module PacketHandler (152)
[2024.12.18-06.02.52:117][383]LogModuleManager: Shutting down and abandoning module ClothingSystemRuntimeNv (150)
[2024.12.18-06.02.52:117][383]LogModuleManager: Shutting down and abandoning module MediaAssets (148)
[2024.12.18-06.02.52:117][383]LogModuleManager: Shutting down and abandoning module Overlay (146)
[2024.12.18-06.02.52:117][383]LogModuleManager: Shutting down and abandoning module FunctionalTesting (144)
[2024.12.18-06.02.52:117][383]LogModuleManager: Shutting down and abandoning module MessageLog (142)
[2024.12.18-06.02.52:117][383]LogModuleManager: Shutting down and abandoning module UMG (140)
[2024.12.18-06.02.52:117][383]LogModuleManager: Shutting down and abandoning module SlateReflector (138)
[2024.12.18-06.02.52:117][383]LogModuleManager: Shutting down and abandoning module Slate (136)
[2024.12.18-06.02.52:117][383]LogModuleManager: Shutting down and abandoning module SlateCore (134)
[2024.12.18-06.02.52:117][383]LogModuleManager: Shutting down and abandoning module MRMesh (132)
[2024.12.18-06.02.52:117][383]LogModuleManager: Shutting down and abandoning module Messaging (130)
[2024.12.18-06.02.52:117][383]LogModuleManager: Shutting down and abandoning module HeadMountedDisplay (128)
[2024.12.18-06.02.52:117][383]LogModuleManager: Shutting down and abandoning module XAudio2 (126)
[2024.12.18-06.02.52:117][383]LogModuleManager: Shutting down and abandoning module Networking (124)
[2024.12.18-06.02.52:117][383]LogModuleManager: Shutting down and abandoning module Core (122)
[2024.12.18-06.02.52:117][383]LogModuleManager: Shutting down and abandoning module FieldSystemEngine (120)
[2024.12.18-06.02.52:117][383]LogModuleManager: Shutting down and abandoning module ImageWrapper (116)
[2024.12.18-06.02.52:117][383]LogModuleManager: Shutting down and abandoning module D3D11RHI (114)
[2024.12.18-06.02.52:117][383]LogModuleManager: Shutting down and abandoning module InputCore (112)
[2024.12.18-06.02.52:117][383]LogModuleManager: Shutting down and abandoning module Settings (110)
[2024.12.18-06.02.52:117][383]LogModuleManager: Shutting down and abandoning module PhysXCooking (108)
[2024.12.18-06.02.52:117][383]LogModuleManager: Shutting down and abandoning module Chaos (106)
[2024.12.18-06.02.52:117][383]LogModuleManager: Shutting down and abandoning module WindowsPlatformFeatures (104)
[2024.12.18-06.02.52:117][383]LogModuleManager: Shutting down and abandoning module GameplayMediaEncoder (103)
[2024.12.18-06.02.52:117][383]LogModuleManager: Shutting down and abandoning module AVEncoder (102)
[2024.12.18-06.02.52:117][383]LogModuleManager: Shutting down and abandoning module SteamVRInputDevice (98)
[2024.12.18-06.02.52:117][383]LogModuleManager: Shutting down and abandoning module SteamVRInput (96)
[2024.12.18-06.02.52:117][383]LogModuleManager: Shutting down and abandoning module SteamVR (94)
[2024.12.18-06.02.52:117][383]LogHMD: Freeing OpenVRDLLHandle.
[2024.12.18-06.02.52:117][383]LogModuleManager: Shutting down and abandoning module OpenXRHandTracking (92)
[2024.12.18-06.02.52:118][383]LogSlate: Slate User Destroyed.  User Index 0, Is Virtual User: 0
[2024.12.18-06.02.52:118][383]LogModuleManager: Shutting down and abandoning module OpenXRAR (90)
[2024.12.18-06.02.52:118][383]LogModuleManager: Shutting down and abandoning module AugmentedReality (89)
[2024.12.18-06.02.52:118][383]LogModuleManager: Shutting down and abandoning module OpenXRHMD (86)
[2024.12.18-06.02.52:118][383]LogModuleManager: Shutting down and abandoning module OpenXREyeTracker (84)
[2024.12.18-06.02.52:118][383]LogModuleManager: Shutting down and abandoning module OculusHMD (82)
[2024.12.18-06.02.52:118][383]LogModuleManager: Shutting down and abandoning module ExampleDeviceProfileSelector (80)
[2024.12.18-06.02.52:118][383]LogModuleManager: Shutting down and abandoning module ChunkDownloader (78)
[2024.12.18-06.02.52:118][383]LogModuleManager: Shutting down and abandoning module LauncherChunkInstaller (76)
[2024.12.18-06.02.52:118][383]LogModuleManager: Shutting down and abandoning module WmfMedia (74)
[2024.12.18-06.02.52:118][383]LogModuleManager: Shutting down and abandoning module Media (73)
[2024.12.18-06.02.52:118][383]LogModuleManager: Shutting down and abandoning module MediaInfo (72)
[2024.12.18-06.02.52:118][383]LogModuleManager: Shutting down and abandoning module ExrReaderGpu (68)
[2024.12.18-06.02.52:118][383]LogModuleManager: Shutting down and abandoning module MLSDK (66)
[2024.12.18-06.02.52:118][383]LogModuleManager: Shutting down and abandoning module MagicLeap (64)
[2024.12.18-06.02.52:118][383]LogModuleManager: Shutting down and abandoning module NiagaraVertexFactories (62)
[2024.12.18-06.02.52:118][383]LogModuleManager: Shutting down and abandoning module NiagaraShader (60)
[2024.12.18-06.02.52:118][383]LogModuleManager: Shutting down and abandoning module ChaosCloth (58)
[2024.12.18-06.02.52:118][383]LogModuleManager: Shutting down and abandoning module VariantManagerContent (56)
[2024.12.18-06.02.52:118][383]LogModuleManager: Shutting down and abandoning module DatasmithContent (54)
[2024.12.18-06.02.52:118][383]LogModuleManager: Shutting down and abandoning module PixWinPlugin (52)
[2024.12.18-06.02.52:118][383]LogModuleManager: Shutting down and abandoning module AISupportModule (50)
[2024.12.18-06.02.52:118][383]LogModuleManager: Shutting down and abandoning module OnlineSubsystem (46)
[2024.12.18-06.02.52:118][383]LogModuleManager: Shutting down and abandoning module HTTP (41)
[2024.12.18-06.02.52:118][383]LogHttp: Display: cleaning up 0 outstanding Http requests.
[2024.12.18-06.02.52:123][383]LogModuleManager: Shutting down and abandoning module SSL (40)
[2024.12.18-06.02.52:123][383]LogModuleManager: Shutting down and abandoning module PlatformCryptoOpenSSL (36)
[2024.12.18-06.02.52:123][383]LogModuleManager: Shutting down and abandoning module PlatformCryptoTypes (34)
[2024.12.18-06.02.52:123][383]LogModuleManager: Shutting down and abandoning module PlatformCrypto (32)
[2024.12.18-06.02.52:123][383]LogModuleManager: Shutting down and abandoning module PythonScriptPluginPreload (30)
[2024.12.18-06.02.52:123][383]LogModuleManager: Shutting down and abandoning module OodleDataCompressionFormat (28)
[2024.12.18-06.02.52:123][383]LogModuleManager: Shutting down and abandoning module RenderCore (26)
[2024.12.18-06.02.52:123][383]LogModuleManager: Shutting down and abandoning module Landscape (24)
[2024.12.18-06.02.52:123][383]LogModuleManager: Shutting down and abandoning module SlateRHIRenderer (22)
[2024.12.18-06.02.52:123][383]LogModuleManager: Shutting down and abandoning module AnimGraphRuntime (20)
[2024.12.18-06.02.52:123][383]LogModuleManager: Shutting down and abandoning module Renderer (18)
[2024.12.18-06.02.52:123][383]LogModuleManager: Shutting down and abandoning module Engine (16)
[2024.12.18-06.02.52:123][383]LogModuleManager: Shutting down and abandoning module CoreUObject (14)
[2024.12.18-06.02.52:123][383]LogModuleManager: Shutting down and abandoning module NetworkFile (12)
[2024.12.18-06.02.52:123][383]LogModuleManager: Shutting down and abandoning module CookedIterativeFile (10)
[2024.12.18-06.02.52:123][383]LogModuleManager: Shutting down and abandoning module StreamingFile (8)
[2024.12.18-06.02.52:123][383]LogModuleManager: Shutting down and abandoning module SandboxFile (6)
[2024.12.18-06.02.52:123][383]LogModuleManager: Shutting down and abandoning module PakFile (4)
[2024.12.18-06.02.52:124][383]LogModuleManager: Shutting down and abandoning module RSA (3)
[2024.12.18-06.02.52:124][383]LogContentStreaming: Display: There are 1 unreleased StreamingManagers
[2024.12.18-06.02.52:127][383]LogD3D11RHI: Shutdown
[2024.12.18-06.02.52:127][383]LogD3D11RHI: CleanupD3DDevice
[2024.12.18-06.02.52:128][383]LogExit: Exiting.
[2024.12.18-06.02.52:140][383]Log file closed, 12/18/24 15:02:52
